<?xml version="1.0" encoding="UTF-8"?>
<testsuite xmlns:xsi="http://www.w3.org/2001/XMLSchema-instance" xsi:noNamespaceSchemaLocation="https://maven.apache.org/surefire/maven-surefire-plugin/xsd/surefire-test-report-3.0.xsd" version="3.0" name="com.example.k4_flutter.K4FlutterApplicationTests" time="15.121" tests="1" errors="0" skipped="0" failures="0">
  <properties>
    <property name="java.specification.version" value="21"/>
    <property name="sun.jnu.encoding" value="UTF-8"/>
    <property name="java.class.path" value="/Users/khacvu/IdeaProjects/k4_flutter/target/test-classes:/Users/khacvu/IdeaProjects/k4_flutter/target/classes:/Users/khacvu/.m2/repository/org/springframework/boot/spring-boot-starter-data-jpa/3.2.2/spring-boot-starter-data-jpa-3.2.2.jar:/Users/khacvu/.m2/repository/org/springframework/boot/spring-boot-starter-aop/3.2.2/spring-boot-starter-aop-3.2.2.jar:/Users/khacvu/.m2/repository/org/aspectj/aspectjweaver/1.9.21/aspectjweaver-1.9.21.jar:/Users/khacvu/.m2/repository/org/springframework/boot/spring-boot-starter-jdbc/3.2.2/spring-boot-starter-jdbc-3.2.2.jar:/Users/khacvu/.m2/repository/com/zaxxer/HikariCP/5.0.1/HikariCP-5.0.1.jar:/Users/khacvu/.m2/repository/org/springframework/spring-jdbc/6.1.3/spring-jdbc-6.1.3.jar:/Users/khacvu/.m2/repository/org/hibernate/orm/hibernate-core/6.4.1.Final/hibernate-core-6.4.1.Final.jar:/Users/khacvu/.m2/repository/jakarta/persistence/jakarta.persistence-api/3.1.0/jakarta.persistence-api-3.1.0.jar:/Users/khacvu/.m2/repository/jakarta/transaction/jakarta.transaction-api/2.0.1/jakarta.transaction-api-2.0.1.jar:/Users/khacvu/.m2/repository/org/jboss/logging/jboss-logging/3.5.3.Final/jboss-logging-3.5.3.Final.jar:/Users/khacvu/.m2/repository/org/hibernate/common/hibernate-commons-annotations/6.0.6.Final/hibernate-commons-annotations-6.0.6.Final.jar:/Users/khacvu/.m2/repository/io/smallrye/jandex/3.1.2/jandex-3.1.2.jar:/Users/khacvu/.m2/repository/com/fasterxml/classmate/1.6.0/classmate-1.6.0.jar:/Users/khacvu/.m2/repository/net/bytebuddy/byte-buddy/1.14.11/byte-buddy-1.14.11.jar:/Users/khacvu/.m2/repository/org/glassfish/jaxb/jaxb-runtime/4.0.4/jaxb-runtime-4.0.4.jar:/Users/khacvu/.m2/repository/org/glassfish/jaxb/jaxb-core/4.0.4/jaxb-core-4.0.4.jar:/Users/khacvu/.m2/repository/org/glassfish/jaxb/txw2/4.0.4/txw2-4.0.4.jar:/Users/khacvu/.m2/repository/com/sun/istack/istack-commons-runtime/4.1.2/istack-commons-runtime-4.1.2.jar:/Users/khacvu/.m2/repository/jakarta/inject/jakarta.inject-api/2.0.1/jakarta.inject-api-2.0.1.jar:/Users/khacvu/.m2/repository/org/antlr/antlr4-runtime/4.13.0/antlr4-runtime-4.13.0.jar:/Users/khacvu/.m2/repository/org/springframework/data/spring-data-jpa/3.2.2/spring-data-jpa-3.2.2.jar:/Users/khacvu/.m2/repository/org/springframework/data/spring-data-commons/3.2.2/spring-data-commons-3.2.2.jar:/Users/khacvu/.m2/repository/org/springframework/spring-orm/6.1.3/spring-orm-6.1.3.jar:/Users/khacvu/.m2/repository/org/springframework/spring-context/6.1.3/spring-context-6.1.3.jar:/Users/khacvu/.m2/repository/org/springframework/spring-tx/6.1.3/spring-tx-6.1.3.jar:/Users/khacvu/.m2/repository/org/springframework/spring-beans/6.1.3/spring-beans-6.1.3.jar:/Users/khacvu/.m2/repository/jakarta/annotation/jakarta.annotation-api/2.1.1/jakarta.annotation-api-2.1.1.jar:/Users/khacvu/.m2/repository/org/springframework/spring-aspects/6.1.3/spring-aspects-6.1.3.jar:/Users/khacvu/.m2/repository/org/springframework/boot/spring-boot-starter-web/3.2.2/spring-boot-starter-web-3.2.2.jar:/Users/khacvu/.m2/repository/org/springframework/boot/spring-boot-starter/3.2.2/spring-boot-starter-3.2.2.jar:/Users/khacvu/.m2/repository/org/springframework/boot/spring-boot-starter-logging/3.2.2/spring-boot-starter-logging-3.2.2.jar:/Users/khacvu/.m2/repository/ch/qos/logback/logback-classic/1.4.14/logback-classic-1.4.14.jar:/Users/khacvu/.m2/repository/ch/qos/logback/logback-core/1.4.14/logback-core-1.4.14.jar:/Users/khacvu/.m2/repository/org/apache/logging/log4j/log4j-to-slf4j/2.21.1/log4j-to-slf4j-2.21.1.jar:/Users/khacvu/.m2/repository/org/apache/logging/log4j/log4j-api/2.21.1/log4j-api-2.21.1.jar:/Users/khacvu/.m2/repository/org/slf4j/jul-to-slf4j/2.0.11/jul-to-slf4j-2.0.11.jar:/Users/khacvu/.m2/repository/org/yaml/snakeyaml/2.2/snakeyaml-2.2.jar:/Users/khacvu/.m2/repository/org/springframework/boot/spring-boot-starter-json/3.2.2/spring-boot-starter-json-3.2.2.jar:/Users/khacvu/.m2/repository/com/fasterxml/jackson/datatype/jackson-datatype-jdk8/2.15.3/jackson-datatype-jdk8-2.15.3.jar:/Users/khacvu/.m2/repository/com/fasterxml/jackson/datatype/jackson-datatype-jsr310/2.15.3/jackson-datatype-jsr310-2.15.3.jar:/Users/khacvu/.m2/repository/com/fasterxml/jackson/module/jackson-module-parameter-names/2.15.3/jackson-module-parameter-names-2.15.3.jar:/Users/khacvu/.m2/repository/org/springframework/boot/spring-boot-starter-tomcat/3.2.2/spring-boot-starter-tomcat-3.2.2.jar:/Users/khacvu/.m2/repository/org/apache/tomcat/embed/tomcat-embed-core/10.1.18/tomcat-embed-core-10.1.18.jar:/Users/khacvu/.m2/repository/org/apache/tomcat/embed/tomcat-embed-el/10.1.18/tomcat-embed-el-10.1.18.jar:/Users/khacvu/.m2/repository/org/apache/tomcat/embed/tomcat-embed-websocket/10.1.18/tomcat-embed-websocket-10.1.18.jar:/Users/khacvu/.m2/repository/org/springframework/spring-web/6.1.3/spring-web-6.1.3.jar:/Users/khacvu/.m2/repository/io/micrometer/micrometer-observation/1.12.2/micrometer-observation-1.12.2.jar:/Users/khacvu/.m2/repository/io/micrometer/micrometer-commons/1.12.2/micrometer-commons-1.12.2.jar:/Users/khacvu/.m2/repository/org/springframework/spring-webmvc/6.1.3/spring-webmvc-6.1.3.jar:/Users/khacvu/.m2/repository/org/springframework/spring-expression/6.1.3/spring-expression-6.1.3.jar:/Users/khacvu/.m2/repository/org/springframework/boot/spring-boot-devtools/3.2.2/spring-boot-devtools-3.2.2.jar:/Users/khacvu/.m2/repository/org/springframework/boot/spring-boot/3.2.2/spring-boot-3.2.2.jar:/Users/khacvu/.m2/repository/org/springframework/boot/spring-boot-autoconfigure/3.2.2/spring-boot-autoconfigure-3.2.2.jar:/Users/khacvu/.m2/repository/org/postgresql/postgresql/42.6.0/postgresql-42.6.0.jar:/Users/khacvu/.m2/repository/org/checkerframework/checker-qual/3.31.0/checker-qual-3.31.0.jar:/Users/khacvu/.m2/repository/org/projectlombok/lombok/1.18.30/lombok-1.18.30.jar:/Users/khacvu/.m2/repository/org/springframework/boot/spring-boot-starter-test/3.2.2/spring-boot-starter-test-3.2.2.jar:/Users/khacvu/.m2/repository/org/springframework/boot/spring-boot-test/3.2.2/spring-boot-test-3.2.2.jar:/Users/khacvu/.m2/repository/org/springframework/boot/spring-boot-test-autoconfigure/3.2.2/spring-boot-test-autoconfigure-3.2.2.jar:/Users/khacvu/.m2/repository/com/jayway/jsonpath/json-path/2.8.0/json-path-2.8.0.jar:/Users/khacvu/.m2/repository/jakarta/xml/bind/jakarta.xml.bind-api/4.0.1/jakarta.xml.bind-api-4.0.1.jar:/Users/khacvu/.m2/repository/jakarta/activation/jakarta.activation-api/2.1.2/jakarta.activation-api-2.1.2.jar:/Users/khacvu/.m2/repository/net/minidev/json-smart/2.5.0/json-smart-2.5.0.jar:/Users/khacvu/.m2/repository/net/minidev/accessors-smart/2.5.0/accessors-smart-2.5.0.jar:/Users/khacvu/.m2/repository/org/ow2/asm/asm/9.3/asm-9.3.jar:/Users/khacvu/.m2/repository/org/assertj/assertj-core/3.24.2/assertj-core-3.24.2.jar:/Users/khacvu/.m2/repository/org/awaitility/awaitility/4.2.0/awaitility-4.2.0.jar:/Users/khacvu/.m2/repository/org/hamcrest/hamcrest/2.2/hamcrest-2.2.jar:/Users/khacvu/.m2/repository/org/junit/jupiter/junit-jupiter/5.10.1/junit-jupiter-5.10.1.jar:/Users/khacvu/.m2/repository/org/junit/jupiter/junit-jupiter-api/5.10.1/junit-jupiter-api-5.10.1.jar:/Users/khacvu/.m2/repository/org/opentest4j/opentest4j/1.3.0/opentest4j-1.3.0.jar:/Users/khacvu/.m2/repository/org/junit/platform/junit-platform-commons/1.10.1/junit-platform-commons-1.10.1.jar:/Users/khacvu/.m2/repository/org/apiguardian/apiguardian-api/1.1.2/apiguardian-api-1.1.2.jar:/Users/khacvu/.m2/repository/org/junit/jupiter/junit-jupiter-params/5.10.1/junit-jupiter-params-5.10.1.jar:/Users/khacvu/.m2/repository/org/junit/jupiter/junit-jupiter-engine/5.10.1/junit-jupiter-engine-5.10.1.jar:/Users/khacvu/.m2/repository/org/junit/platform/junit-platform-engine/1.10.1/junit-platform-engine-1.10.1.jar:/Users/khacvu/.m2/repository/org/mockito/mockito-core/5.7.0/mockito-core-5.7.0.jar:/Users/khacvu/.m2/repository/net/bytebuddy/byte-buddy-agent/1.14.11/byte-buddy-agent-1.14.11.jar:/Users/khacvu/.m2/repository/org/objenesis/objenesis/3.3/objenesis-3.3.jar:/Users/khacvu/.m2/repository/org/mockito/mockito-junit-jupiter/5.7.0/mockito-junit-jupiter-5.7.0.jar:/Users/khacvu/.m2/repository/org/skyscreamer/jsonassert/1.5.1/jsonassert-1.5.1.jar:/Users/khacvu/.m2/repository/com/vaadin/external/google/android-json/0.0.20131108.vaadin1/android-json-0.0.20131108.vaadin1.jar:/Users/khacvu/.m2/repository/org/springframework/spring-core/6.1.3/spring-core-6.1.3.jar:/Users/khacvu/.m2/repository/org/springframework/spring-jcl/6.1.3/spring-jcl-6.1.3.jar:/Users/khacvu/.m2/repository/org/springframework/spring-test/6.1.3/spring-test-6.1.3.jar:/Users/khacvu/.m2/repository/org/xmlunit/xmlunit-core/2.9.1/xmlunit-core-2.9.1.jar:/Users/khacvu/.m2/repository/org/springframework/boot/spring-boot-starter-security/3.0.4/spring-boot-starter-security-3.0.4.jar:/Users/khacvu/.m2/repository/org/springframework/spring-aop/6.1.3/spring-aop-6.1.3.jar:/Users/khacvu/.m2/repository/org/springframework/security/spring-security-config/6.2.1/spring-security-config-6.2.1.jar:/Users/khacvu/.m2/repository/org/springframework/security/spring-security-web/6.2.1/spring-security-web-6.2.1.jar:/Users/khacvu/.m2/repository/org/springframework/security/spring-security-test/6.2.1/spring-security-test-6.2.1.jar:/Users/khacvu/.m2/repository/org/springframework/security/spring-security-core/6.2.1/spring-security-core-6.2.1.jar:/Users/khacvu/.m2/repository/org/springframework/security/spring-security-crypto/6.2.1/spring-security-crypto-6.2.1.jar:/Users/khacvu/.m2/repository/io/jsonwebtoken/jjwt-api/0.11.5/jjwt-api-0.11.5.jar:/Users/khacvu/.m2/repository/io/jsonwebtoken/jjwt-impl/0.11.5/jjwt-impl-0.11.5.jar:/Users/khacvu/.m2/repository/io/jsonwebtoken/jjwt-jackson/0.11.5/jjwt-jackson-0.11.5.jar:/Users/khacvu/.m2/repository/com/fasterxml/jackson/core/jackson-databind/2.15.3/jackson-databind-2.15.3.jar:/Users/khacvu/.m2/repository/com/fasterxml/jackson/core/jackson-annotations/2.15.3/jackson-annotations-2.15.3.jar:/Users/khacvu/.m2/repository/com/fasterxml/jackson/core/jackson-core/2.15.3/jackson-core-2.15.3.jar:/Users/khacvu/.m2/repository/org/springframework/boot/spring-boot-starter-mail/3.0.4/spring-boot-starter-mail-3.0.4.jar:/Users/khacvu/.m2/repository/org/springframework/spring-context-support/6.1.3/spring-context-support-6.1.3.jar:/Users/khacvu/.m2/repository/org/eclipse/angus/jakarta.mail/2.0.2/jakarta.mail-2.0.2.jar:/Users/khacvu/.m2/repository/org/eclipse/angus/angus-activation/2.0.1/angus-activation-2.0.1.jar:/Users/khacvu/.m2/repository/redis/clients/jedis/5.0.2/jedis-5.0.2.jar:/Users/khacvu/.m2/repository/org/slf4j/slf4j-api/2.0.11/slf4j-api-2.0.11.jar:/Users/khacvu/.m2/repository/org/apache/commons/commons-pool2/2.12.0/commons-pool2-2.12.0.jar:/Users/khacvu/.m2/repository/org/json/json/20231013/json-20231013.jar:/Users/khacvu/.m2/repository/com/google/code/gson/gson/2.10.1/gson-2.10.1.jar:/Users/khacvu/.m2/repository/org/springframework/boot/spring-boot-starter-data-redis/3.2.2/spring-boot-starter-data-redis-3.2.2.jar:/Users/khacvu/.m2/repository/io/lettuce/lettuce-core/6.3.1.RELEASE/lettuce-core-6.3.1.RELEASE.jar:/Users/khacvu/.m2/repository/io/netty/netty-common/4.1.105.Final/netty-common-4.1.105.Final.jar:/Users/khacvu/.m2/repository/io/netty/netty-handler/4.1.105.Final/netty-handler-4.1.105.Final.jar:/Users/khacvu/.m2/repository/io/netty/netty-resolver/4.1.105.Final/netty-resolver-4.1.105.Final.jar:/Users/khacvu/.m2/repository/io/netty/netty-buffer/4.1.105.Final/netty-buffer-4.1.105.Final.jar:/Users/khacvu/.m2/repository/io/netty/netty-transport-native-unix-common/4.1.105.Final/netty-transport-native-unix-common-4.1.105.Final.jar:/Users/khacvu/.m2/repository/io/netty/netty-codec/4.1.105.Final/netty-codec-4.1.105.Final.jar:/Users/khacvu/.m2/repository/io/netty/netty-transport/4.1.105.Final/netty-transport-4.1.105.Final.jar:/Users/khacvu/.m2/repository/io/projectreactor/reactor-core/3.6.2/reactor-core-3.6.2.jar:/Users/khacvu/.m2/repository/org/reactivestreams/reactive-streams/1.0.4/reactive-streams-1.0.4.jar:/Users/khacvu/.m2/repository/org/springframework/data/spring-data-redis/3.2.2/spring-data-redis-3.2.2.jar:/Users/khacvu/.m2/repository/org/springframework/data/spring-data-keyvalue/3.2.2/spring-data-keyvalue-3.2.2.jar:/Users/khacvu/.m2/repository/org/springframework/spring-oxm/6.1.3/spring-oxm-6.1.3.jar:/Users/khacvu/.m2/repository/com/warrenstrange/googleauth/1.5.0/googleauth-1.5.0.jar:/Users/khacvu/.m2/repository/commons-codec/commons-codec/1.16.0/commons-codec-1.16.0.jar:/Users/khacvu/.m2/repository/org/apache/httpcomponents/httpclient/4.5.12/httpclient-4.5.12.jar:/Users/khacvu/.m2/repository/org/apache/httpcomponents/httpcore/4.4.16/httpcore-4.4.16.jar:/Users/khacvu/.m2/repository/commons-logging/commons-logging/1.2/commons-logging-1.2.jar:/Users/khacvu/.m2/repository/org/bytedeco/javacv-platform/1.5.9/javacv-platform-1.5.9.jar:/Users/khacvu/.m2/repository/org/bytedeco/javacv/1.5.9/javacv-1.5.9.jar:/Users/khacvu/.m2/repository/org/bytedeco/javacpp/1.5.9/javacpp-1.5.9.jar:/Users/khacvu/.m2/repository/org/bytedeco/openblas/0.3.23-1.5.9/openblas-0.3.23-1.5.9.jar:/Users/khacvu/.m2/repository/org/bytedeco/opencv/4.7.0-1.5.9/opencv-4.7.0-1.5.9.jar:/Users/khacvu/.m2/repository/org/bytedeco/ffmpeg/6.0-1.5.9/ffmpeg-6.0-1.5.9.jar:/Users/khacvu/.m2/repository/org/bytedeco/flycapture/2.13.3.31-1.5.9/flycapture-2.13.3.31-1.5.9.jar:/Users/khacvu/.m2/repository/org/bytedeco/libdc1394/2.2.6-1.5.9/libdc1394-2.2.6-1.5.9.jar:/Users/khacvu/.m2/repository/org/bytedeco/libfreenect/0.5.7-1.5.9/libfreenect-0.5.7-1.5.9.jar:/Users/khacvu/.m2/repository/org/bytedeco/libfreenect2/0.2.0-1.5.9/libfreenect2-0.2.0-1.5.9.jar:/Users/khacvu/.m2/repository/org/bytedeco/librealsense/1.12.4-1.5.9/librealsense-1.12.4-1.5.9.jar:/Users/khacvu/.m2/repository/org/bytedeco/librealsense2/2.53.1-1.5.9/librealsense2-2.53.1-1.5.9.jar:/Users/khacvu/.m2/repository/org/bytedeco/videoinput/0.200-1.5.9/videoinput-0.200-1.5.9.jar:/Users/khacvu/.m2/repository/org/bytedeco/artoolkitplus/2.3.1-1.5.9/artoolkitplus-2.3.1-1.5.9.jar:/Users/khacvu/.m2/repository/org/bytedeco/leptonica/1.83.0-1.5.9/leptonica-1.83.0-1.5.9.jar:/Users/khacvu/.m2/repository/org/bytedeco/tesseract/5.3.1-1.5.9/tesseract-5.3.1-1.5.9.jar:/Users/khacvu/.m2/repository/org/bytedeco/openblas-platform/0.3.23-1.5.9/openblas-platform-0.3.23-1.5.9.jar:/Users/khacvu/.m2/repository/org/bytedeco/javacpp-platform/1.5.9/javacpp-platform-1.5.9.jar:/Users/khacvu/.m2/repository/org/bytedeco/javacpp/1.5.9/javacpp-1.5.9-android-arm.jar:/Users/khacvu/.m2/repository/org/bytedeco/javacpp/1.5.9/javacpp-1.5.9-android-arm64.jar:/Users/khacvu/.m2/repository/org/bytedeco/javacpp/1.5.9/javacpp-1.5.9-android-x86.jar:/Users/khacvu/.m2/repository/org/bytedeco/javacpp/1.5.9/javacpp-1.5.9-android-x86_64.jar:/Users/khacvu/.m2/repository/org/bytedeco/javacpp/1.5.9/javacpp-1.5.9-ios-arm64.jar:/Users/khacvu/.m2/repository/org/bytedeco/javacpp/1.5.9/javacpp-1.5.9-ios-x86_64.jar:/Users/khacvu/.m2/repository/org/bytedeco/javacpp/1.5.9/javacpp-1.5.9-linux-armhf.jar:/Users/khacvu/.m2/repository/org/bytedeco/javacpp/1.5.9/javacpp-1.5.9-linux-arm64.jar:/Users/khacvu/.m2/repository/org/bytedeco/javacpp/1.5.9/javacpp-1.5.9-linux-ppc64le.jar:/Users/khacvu/.m2/repository/org/bytedeco/javacpp/1.5.9/javacpp-1.5.9-linux-x86.jar:/Users/khacvu/.m2/repository/org/bytedeco/javacpp/1.5.9/javacpp-1.5.9-linux-x86_64.jar:/Users/khacvu/.m2/repository/org/bytedeco/javacpp/1.5.9/javacpp-1.5.9-macosx-arm64.jar:/Users/khacvu/.m2/repository/org/bytedeco/javacpp/1.5.9/javacpp-1.5.9-macosx-x86_64.jar:/Users/khacvu/.m2/repository/org/bytedeco/javacpp/1.5.9/javacpp-1.5.9-windows-x86.jar:/Users/khacvu/.m2/repository/org/bytedeco/javacpp/1.5.9/javacpp-1.5.9-windows-x86_64.jar:/Users/khacvu/.m2/repository/org/bytedeco/openblas/0.3.23-1.5.9/openblas-0.3.23-1.5.9-android-arm.jar:/Users/khacvu/.m2/repository/org/bytedeco/openblas/0.3.23-1.5.9/openblas-0.3.23-1.5.9-android-arm64.jar:/Users/khacvu/.m2/repository/org/bytedeco/openblas/0.3.23-1.5.9/openblas-0.3.23-1.5.9-android-x86.jar:/Users/khacvu/.m2/repository/org/bytedeco/openblas/0.3.23-1.5.9/openblas-0.3.23-1.5.9-android-x86_64.jar:/Users/khacvu/.m2/repository/org/bytedeco/openblas/0.3.23-1.5.9/openblas-0.3.23-1.5.9-ios-arm64.jar:/Users/khacvu/.m2/repository/org/bytedeco/openblas/0.3.23-1.5.9/openblas-0.3.23-1.5.9-ios-x86_64.jar:/Users/khacvu/.m2/repository/org/bytedeco/openblas/0.3.23-1.5.9/openblas-0.3.23-1.5.9-linux-x86.jar:/Users/khacvu/.m2/repository/org/bytedeco/openblas/0.3.23-1.5.9/openblas-0.3.23-1.5.9-linux-x86_64.jar:/Users/khacvu/.m2/repository/org/bytedeco/openblas/0.3.23-1.5.9/openblas-0.3.23-1.5.9-linux-armhf.jar:/Users/khacvu/.m2/repository/org/bytedeco/openblas/0.3.23-1.5.9/openblas-0.3.23-1.5.9-linux-arm64.jar:/Users/khacvu/.m2/repository/org/bytedeco/openblas/0.3.23-1.5.9/openblas-0.3.23-1.5.9-linux-ppc64le.jar:/Users/khacvu/.m2/repository/org/bytedeco/openblas/0.3.23-1.5.9/openblas-0.3.23-1.5.9-macosx-arm64.jar:/Users/khacvu/.m2/repository/org/bytedeco/openblas/0.3.23-1.5.9/openblas-0.3.23-1.5.9-macosx-x86_64.jar:/Users/khacvu/.m2/repository/org/bytedeco/openblas/0.3.23-1.5.9/openblas-0.3.23-1.5.9-windows-x86.jar:/Users/khacvu/.m2/repository/org/bytedeco/openblas/0.3.23-1.5.9/openblas-0.3.23-1.5.9-windows-x86_64.jar:/Users/khacvu/.m2/repository/org/bytedeco/opencv-platform/4.7.0-1.5.9/opencv-platform-4.7.0-1.5.9.jar:/Users/khacvu/.m2/repository/org/bytedeco/opencv/4.7.0-1.5.9/opencv-4.7.0-1.5.9-android-arm.jar:/Users/khacvu/.m2/repository/org/bytedeco/opencv/4.7.0-1.5.9/opencv-4.7.0-1.5.9-android-arm64.jar:/Users/khacvu/.m2/repository/org/bytedeco/opencv/4.7.0-1.5.9/opencv-4.7.0-1.5.9-android-x86.jar:/Users/khacvu/.m2/repository/org/bytedeco/opencv/4.7.0-1.5.9/opencv-4.7.0-1.5.9-android-x86_64.jar:/Users/khacvu/.m2/repository/org/bytedeco/opencv/4.7.0-1.5.9/opencv-4.7.0-1.5.9-ios-arm64.jar:/Users/khacvu/.m2/repository/org/bytedeco/opencv/4.7.0-1.5.9/opencv-4.7.0-1.5.9-ios-x86_64.jar:/Users/khacvu/.m2/repository/org/bytedeco/opencv/4.7.0-1.5.9/opencv-4.7.0-1.5.9-linux-x86.jar:/Users/khacvu/.m2/repository/org/bytedeco/opencv/4.7.0-1.5.9/opencv-4.7.0-1.5.9-linux-x86_64.jar:/Users/khacvu/.m2/repository/org/bytedeco/opencv/4.7.0-1.5.9/opencv-4.7.0-1.5.9-linux-armhf.jar:/Users/khacvu/.m2/repository/org/bytedeco/opencv/4.7.0-1.5.9/opencv-4.7.0-1.5.9-linux-arm64.jar:/Users/khacvu/.m2/repository/org/bytedeco/opencv/4.7.0-1.5.9/opencv-4.7.0-1.5.9-linux-ppc64le.jar:/Users/khacvu/.m2/repository/org/bytedeco/opencv/4.7.0-1.5.9/opencv-4.7.0-1.5.9-macosx-arm64.jar:/Users/khacvu/.m2/repository/org/bytedeco/opencv/4.7.0-1.5.9/opencv-4.7.0-1.5.9-macosx-x86_64.jar:/Users/khacvu/.m2/repository/org/bytedeco/opencv/4.7.0-1.5.9/opencv-4.7.0-1.5.9-windows-x86.jar:/Users/khacvu/.m2/repository/org/bytedeco/opencv/4.7.0-1.5.9/opencv-4.7.0-1.5.9-windows-x86_64.jar:/Users/khacvu/.m2/repository/org/bytedeco/ffmpeg-platform/6.0-1.5.9/ffmpeg-platform-6.0-1.5.9.jar:/Users/khacvu/.m2/repository/org/bytedeco/ffmpeg/6.0-1.5.9/ffmpeg-6.0-1.5.9-android-arm.jar:/Users/khacvu/.m2/repository/org/bytedeco/ffmpeg/6.0-1.5.9/ffmpeg-6.0-1.5.9-android-arm64.jar:/Users/khacvu/.m2/repository/org/bytedeco/ffmpeg/6.0-1.5.9/ffmpeg-6.0-1.5.9-android-x86.jar:/Users/khacvu/.m2/repository/org/bytedeco/ffmpeg/6.0-1.5.9/ffmpeg-6.0-1.5.9-android-x86_64.jar:/Users/khacvu/.m2/repository/org/bytedeco/ffmpeg/6.0-1.5.9/ffmpeg-6.0-1.5.9-linux-x86.jar:/Users/khacvu/.m2/repository/org/bytedeco/ffmpeg/6.0-1.5.9/ffmpeg-6.0-1.5.9-linux-x86_64.jar:/Users/khacvu/.m2/repository/org/bytedeco/ffmpeg/6.0-1.5.9/ffmpeg-6.0-1.5.9-linux-armhf.jar:/Users/khacvu/.m2/repository/org/bytedeco/ffmpeg/6.0-1.5.9/ffmpeg-6.0-1.5.9-linux-arm64.jar:/Users/khacvu/.m2/repository/org/bytedeco/ffmpeg/6.0-1.5.9/ffmpeg-6.0-1.5.9-linux-ppc64le.jar:/Users/khacvu/.m2/repository/org/bytedeco/ffmpeg/6.0-1.5.9/ffmpeg-6.0-1.5.9-macosx-arm64.jar:/Users/khacvu/.m2/repository/org/bytedeco/ffmpeg/6.0-1.5.9/ffmpeg-6.0-1.5.9-macosx-x86_64.jar:/Users/khacvu/.m2/repository/org/bytedeco/ffmpeg/6.0-1.5.9/ffmpeg-6.0-1.5.9-windows-x86.jar:/Users/khacvu/.m2/repository/org/bytedeco/ffmpeg/6.0-1.5.9/ffmpeg-6.0-1.5.9-windows-x86_64.jar:/Users/khacvu/.m2/repository/org/bytedeco/flycapture-platform/2.13.3.31-1.5.9/flycapture-platform-2.13.3.31-1.5.9.jar:/Users/khacvu/.m2/repository/org/bytedeco/flycapture/2.13.3.31-1.5.9/flycapture-2.13.3.31-1.5.9-linux-x86.jar:/Users/khacvu/.m2/repository/org/bytedeco/flycapture/2.13.3.31-1.5.9/flycapture-2.13.3.31-1.5.9-linux-x86_64.jar:/Users/khacvu/.m2/repository/org/bytedeco/flycapture/2.13.3.31-1.5.9/flycapture-2.13.3.31-1.5.9-linux-armhf.jar:/Users/khacvu/.m2/repository/org/bytedeco/flycapture/2.13.3.31-1.5.9/flycapture-2.13.3.31-1.5.9-linux-arm64.jar:/Users/khacvu/.m2/repository/org/bytedeco/flycapture/2.13.3.31-1.5.9/flycapture-2.13.3.31-1.5.9-windows-x86.jar:/Users/khacvu/.m2/repository/org/bytedeco/flycapture/2.13.3.31-1.5.9/flycapture-2.13.3.31-1.5.9-windows-x86_64.jar:/Users/khacvu/.m2/repository/org/bytedeco/libdc1394-platform/2.2.6-1.5.9/libdc1394-platform-2.2.6-1.5.9.jar:/Users/khacvu/.m2/repository/org/bytedeco/libdc1394/2.2.6-1.5.9/libdc1394-2.2.6-1.5.9-linux-x86.jar:/Users/khacvu/.m2/repository/org/bytedeco/libdc1394/2.2.6-1.5.9/libdc1394-2.2.6-1.5.9-linux-x86_64.jar:/Users/khacvu/.m2/repository/org/bytedeco/libdc1394/2.2.6-1.5.9/libdc1394-2.2.6-1.5.9-linux-armhf.jar:/Users/khacvu/.m2/repository/org/bytedeco/libdc1394/2.2.6-1.5.9/libdc1394-2.2.6-1.5.9-linux-arm64.jar:/Users/khacvu/.m2/repository/org/bytedeco/libdc1394/2.2.6-1.5.9/libdc1394-2.2.6-1.5.9-linux-ppc64le.jar:/Users/khacvu/.m2/repository/org/bytedeco/libdc1394/2.2.6-1.5.9/libdc1394-2.2.6-1.5.9-macosx-x86_64.jar:/Users/khacvu/.m2/repository/org/bytedeco/libdc1394/2.2.6-1.5.9/libdc1394-2.2.6-1.5.9-windows-x86.jar:/Users/khacvu/.m2/repository/org/bytedeco/libdc1394/2.2.6-1.5.9/libdc1394-2.2.6-1.5.9-windows-x86_64.jar:/Users/khacvu/.m2/repository/org/bytedeco/libfreenect-platform/0.5.7-1.5.9/libfreenect-platform-0.5.7-1.5.9.jar:/Users/khacvu/.m2/repository/org/bytedeco/libfreenect/0.5.7-1.5.9/libfreenect-0.5.7-1.5.9-linux-x86.jar:/Users/khacvu/.m2/repository/org/bytedeco/libfreenect/0.5.7-1.5.9/libfreenect-0.5.7-1.5.9-linux-x86_64.jar:/Users/khacvu/.m2/repository/org/bytedeco/libfreenect/0.5.7-1.5.9/libfreenect-0.5.7-1.5.9-linux-armhf.jar:/Users/khacvu/.m2/repository/org/bytedeco/libfreenect/0.5.7-1.5.9/libfreenect-0.5.7-1.5.9-linux-arm64.jar:/Users/khacvu/.m2/repository/org/bytedeco/libfreenect/0.5.7-1.5.9/libfreenect-0.5.7-1.5.9-linux-ppc64le.jar:/Users/khacvu/.m2/repository/org/bytedeco/libfreenect/0.5.7-1.5.9/libfreenect-0.5.7-1.5.9-macosx-x86_64.jar:/Users/khacvu/.m2/repository/org/bytedeco/libfreenect/0.5.7-1.5.9/libfreenect-0.5.7-1.5.9-windows-x86.jar:/Users/khacvu/.m2/repository/org/bytedeco/libfreenect/0.5.7-1.5.9/libfreenect-0.5.7-1.5.9-windows-x86_64.jar:/Users/khacvu/.m2/repository/org/bytedeco/libfreenect2-platform/0.2.0-1.5.9/libfreenect2-platform-0.2.0-1.5.9.jar:/Users/khacvu/.m2/repository/org/bytedeco/libfreenect2/0.2.0-1.5.9/libfreenect2-0.2.0-1.5.9-linux-x86.jar:/Users/khacvu/.m2/repository/org/bytedeco/libfreenect2/0.2.0-1.5.9/libfreenect2-0.2.0-1.5.9-linux-x86_64.jar:/Users/khacvu/.m2/repository/org/bytedeco/libfreenect2/0.2.0-1.5.9/libfreenect2-0.2.0-1.5.9-macosx-x86_64.jar:/Users/khacvu/.m2/repository/org/bytedeco/libfreenect2/0.2.0-1.5.9/libfreenect2-0.2.0-1.5.9-windows-x86_64.jar:/Users/khacvu/.m2/repository/org/bytedeco/librealsense-platform/1.12.4-1.5.9/librealsense-platform-1.12.4-1.5.9.jar:/Users/khacvu/.m2/repository/org/bytedeco/librealsense/1.12.4-1.5.9/librealsense-1.12.4-1.5.9-linux-armhf.jar:/Users/khacvu/.m2/repository/org/bytedeco/librealsense/1.12.4-1.5.9/librealsense-1.12.4-1.5.9-linux-arm64.jar:/Users/khacvu/.m2/repository/org/bytedeco/librealsense/1.12.4-1.5.9/librealsense-1.12.4-1.5.9-linux-x86.jar:/Users/khacvu/.m2/repository/org/bytedeco/librealsense/1.12.4-1.5.9/librealsense-1.12.4-1.5.9-linux-x86_64.jar:/Users/khacvu/.m2/repository/org/bytedeco/librealsense/1.12.4-1.5.9/librealsense-1.12.4-1.5.9-macosx-x86_64.jar:/Users/khacvu/.m2/repository/org/bytedeco/librealsense/1.12.4-1.5.9/librealsense-1.12.4-1.5.9-windows-x86.jar:/Users/khacvu/.m2/repository/org/bytedeco/librealsense/1.12.4-1.5.9/librealsense-1.12.4-1.5.9-windows-x86_64.jar:/Users/khacvu/.m2/repository/org/bytedeco/librealsense2-platform/2.53.1-1.5.9/librealsense2-platform-2.53.1-1.5.9.jar:/Users/khacvu/.m2/repository/org/bytedeco/librealsense2/2.53.1-1.5.9/librealsense2-2.53.1-1.5.9-linux-armhf.jar:/Users/khacvu/.m2/repository/org/bytedeco/librealsense2/2.53.1-1.5.9/librealsense2-2.53.1-1.5.9-linux-arm64.jar:/Users/khacvu/.m2/repository/org/bytedeco/librealsense2/2.53.1-1.5.9/librealsense2-2.53.1-1.5.9-linux-x86.jar:/Users/khacvu/.m2/repository/org/bytedeco/librealsense2/2.53.1-1.5.9/librealsense2-2.53.1-1.5.9-linux-x86_64.jar:/Users/khacvu/.m2/repository/org/bytedeco/librealsense2/2.53.1-1.5.9/librealsense2-2.53.1-1.5.9-macosx-x86_64.jar:/Users/khacvu/.m2/repository/org/bytedeco/librealsense2/2.53.1-1.5.9/librealsense2-2.53.1-1.5.9-windows-x86.jar:/Users/khacvu/.m2/repository/org/bytedeco/librealsense2/2.53.1-1.5.9/librealsense2-2.53.1-1.5.9-windows-x86_64.jar:/Users/khacvu/.m2/repository/org/bytedeco/videoinput-platform/0.200-1.5.9/videoinput-platform-0.200-1.5.9.jar:/Users/khacvu/.m2/repository/org/bytedeco/videoinput/0.200-1.5.9/videoinput-0.200-1.5.9-windows-x86.jar:/Users/khacvu/.m2/repository/org/bytedeco/videoinput/0.200-1.5.9/videoinput-0.200-1.5.9-windows-x86_64.jar:/Users/khacvu/.m2/repository/org/bytedeco/artoolkitplus-platform/2.3.1-1.5.9/artoolkitplus-platform-2.3.1-1.5.9.jar:/Users/khacvu/.m2/repository/org/bytedeco/artoolkitplus/2.3.1-1.5.9/artoolkitplus-2.3.1-1.5.9-android-arm.jar:/Users/khacvu/.m2/repository/org/bytedeco/artoolkitplus/2.3.1-1.5.9/artoolkitplus-2.3.1-1.5.9-android-arm64.jar:/Users/khacvu/.m2/repository/org/bytedeco/artoolkitplus/2.3.1-1.5.9/artoolkitplus-2.3.1-1.5.9-android-x86.jar:/Users/khacvu/.m2/repository/org/bytedeco/artoolkitplus/2.3.1-1.5.9/artoolkitplus-2.3.1-1.5.9-android-x86_64.jar:/Users/khacvu/.m2/repository/org/bytedeco/artoolkitplus/2.3.1-1.5.9/artoolkitplus-2.3.1-1.5.9-linux-x86.jar:/Users/khacvu/.m2/repository/org/bytedeco/artoolkitplus/2.3.1-1.5.9/artoolkitplus-2.3.1-1.5.9-linux-x86_64.jar:/Users/khacvu/.m2/repository/org/bytedeco/artoolkitplus/2.3.1-1.5.9/artoolkitplus-2.3.1-1.5.9-linux-armhf.jar:/Users/khacvu/.m2/repository/org/bytedeco/artoolkitplus/2.3.1-1.5.9/artoolkitplus-2.3.1-1.5.9-linux-arm64.jar:/Users/khacvu/.m2/repository/org/bytedeco/artoolkitplus/2.3.1-1.5.9/artoolkitplus-2.3.1-1.5.9-linux-ppc64le.jar:/Users/khacvu/.m2/repository/org/bytedeco/artoolkitplus/2.3.1-1.5.9/artoolkitplus-2.3.1-1.5.9-macosx-x86_64.jar:/Users/khacvu/.m2/repository/org/bytedeco/artoolkitplus/2.3.1-1.5.9/artoolkitplus-2.3.1-1.5.9-windows-x86.jar:/Users/khacvu/.m2/repository/org/bytedeco/artoolkitplus/2.3.1-1.5.9/artoolkitplus-2.3.1-1.5.9-windows-x86_64.jar:/Users/khacvu/.m2/repository/org/bytedeco/leptonica-platform/1.83.0-1.5.9/leptonica-platform-1.83.0-1.5.9.jar:/Users/khacvu/.m2/repository/org/bytedeco/leptonica/1.83.0-1.5.9/leptonica-1.83.0-1.5.9-android-arm.jar:/Users/khacvu/.m2/repository/org/bytedeco/leptonica/1.83.0-1.5.9/leptonica-1.83.0-1.5.9-android-arm64.jar:/Users/khacvu/.m2/repository/org/bytedeco/leptonica/1.83.0-1.5.9/leptonica-1.83.0-1.5.9-android-x86.jar:/Users/khacvu/.m2/repository/org/bytedeco/leptonica/1.83.0-1.5.9/leptonica-1.83.0-1.5.9-android-x86_64.jar:/Users/khacvu/.m2/repository/org/bytedeco/leptonica/1.83.0-1.5.9/leptonica-1.83.0-1.5.9-linux-x86.jar:/Users/khacvu/.m2/repository/org/bytedeco/leptonica/1.83.0-1.5.9/leptonica-1.83.0-1.5.9-linux-x86_64.jar:/Users/khacvu/.m2/repository/org/bytedeco/leptonica/1.83.0-1.5.9/leptonica-1.83.0-1.5.9-linux-armhf.jar:/Users/khacvu/.m2/repository/org/bytedeco/leptonica/1.83.0-1.5.9/leptonica-1.83.0-1.5.9-linux-arm64.jar:/Users/khacvu/.m2/repository/org/bytedeco/leptonica/1.83.0-1.5.9/leptonica-1.83.0-1.5.9-linux-ppc64le.jar:/Users/khacvu/.m2/repository/org/bytedeco/leptonica/1.83.0-1.5.9/leptonica-1.83.0-1.5.9-macosx-arm64.jar:/Users/khacvu/.m2/repository/org/bytedeco/leptonica/1.83.0-1.5.9/leptonica-1.83.0-1.5.9-macosx-x86_64.jar:/Users/khacvu/.m2/repository/org/bytedeco/leptonica/1.83.0-1.5.9/leptonica-1.83.0-1.5.9-windows-x86.jar:/Users/khacvu/.m2/repository/org/bytedeco/leptonica/1.83.0-1.5.9/leptonica-1.83.0-1.5.9-windows-x86_64.jar:/Users/khacvu/.m2/repository/org/bytedeco/tesseract-platform/5.3.1-1.5.9/tesseract-platform-5.3.1-1.5.9.jar:/Users/khacvu/.m2/repository/org/bytedeco/tesseract/5.3.1-1.5.9/tesseract-5.3.1-1.5.9-android-arm.jar:/Users/khacvu/.m2/repository/org/bytedeco/tesseract/5.3.1-1.5.9/tesseract-5.3.1-1.5.9-android-arm64.jar:/Users/khacvu/.m2/repository/org/bytedeco/tesseract/5.3.1-1.5.9/tesseract-5.3.1-1.5.9-android-x86.jar:/Users/khacvu/.m2/repository/org/bytedeco/tesseract/5.3.1-1.5.9/tesseract-5.3.1-1.5.9-android-x86_64.jar:/Users/khacvu/.m2/repository/org/bytedeco/tesseract/5.3.1-1.5.9/tesseract-5.3.1-1.5.9-linux-x86.jar:/Users/khacvu/.m2/repository/org/bytedeco/tesseract/5.3.1-1.5.9/tesseract-5.3.1-1.5.9-linux-x86_64.jar:/Users/khacvu/.m2/repository/org/bytedeco/tesseract/5.3.1-1.5.9/tesseract-5.3.1-1.5.9-linux-armhf.jar:/Users/khacvu/.m2/repository/org/bytedeco/tesseract/5.3.1-1.5.9/tesseract-5.3.1-1.5.9-linux-arm64.jar:/Users/khacvu/.m2/repository/org/bytedeco/tesseract/5.3.1-1.5.9/tesseract-5.3.1-1.5.9-linux-ppc64le.jar:/Users/khacvu/.m2/repository/org/bytedeco/tesseract/5.3.1-1.5.9/tesseract-5.3.1-1.5.9-macosx-arm64.jar:/Users/khacvu/.m2/repository/org/bytedeco/tesseract/5.3.1-1.5.9/tesseract-5.3.1-1.5.9-macosx-x86_64.jar:/Users/khacvu/.m2/repository/org/bytedeco/tesseract/5.3.1-1.5.9/tesseract-5.3.1-1.5.9-windows-x86.jar:/Users/khacvu/.m2/repository/org/bytedeco/tesseract/5.3.1-1.5.9/tesseract-5.3.1-1.5.9-windows-x86_64.jar:"/>
    <property name="java.vm.vendor" value="Homebrew"/>
    <property name="sun.arch.data.model" value="64"/>
    <property name="java.vendor.url" value="https://github.com/Homebrew/homebrew-core/issues"/>
    <property name="user.timezone" value="Asia/Ho_Chi_Minh"/>
    <property name="org.jboss.logging.provider" value="slf4j"/>
    <property name="os.name" value="Mac OS X"/>
    <property name="java.vm.specification.version" value="21"/>
    <property name="sun.java.launcher" value="SUN_STANDARD"/>
    <property name="user.country" value="VN"/>
    <property name="sun.boot.library.path" value="/opt/homebrew/Cellar/openjdk/21.0.1/libexec/openjdk.jdk/Contents/Home/lib"/>
    <property name="sun.java.command" value="/Users/khacvu/IdeaProjects/k4_flutter/target/surefire/surefirebooter-20240301172228143_3.jar /Users/khacvu/IdeaProjects/k4_flutter/target/surefire 2024-03-01T17-22-26_579-jvmRun1 surefire-20240301172228143_1tmp surefire_0-20240301172228143_2tmp"/>
    <property name="http.nonProxyHosts" value="local|*.local|169.254/16|*.169.254/16"/>
    <property name="jdk.debug" value="release"/>
    <property name="surefire.test.class.path" value="/Users/khacvu/IdeaProjects/k4_flutter/target/test-classes:/Users/khacvu/IdeaProjects/k4_flutter/target/classes:/Users/khacvu/.m2/repository/org/springframework/boot/spring-boot-starter-data-jpa/3.2.2/spring-boot-starter-data-jpa-3.2.2.jar:/Users/khacvu/.m2/repository/org/springframework/boot/spring-boot-starter-aop/3.2.2/spring-boot-starter-aop-3.2.2.jar:/Users/khacvu/.m2/repository/org/aspectj/aspectjweaver/1.9.21/aspectjweaver-1.9.21.jar:/Users/khacvu/.m2/repository/org/springframework/boot/spring-boot-starter-jdbc/3.2.2/spring-boot-starter-jdbc-3.2.2.jar:/Users/khacvu/.m2/repository/com/zaxxer/HikariCP/5.0.1/HikariCP-5.0.1.jar:/Users/khacvu/.m2/repository/org/springframework/spring-jdbc/6.1.3/spring-jdbc-6.1.3.jar:/Users/khacvu/.m2/repository/org/hibernate/orm/hibernate-core/6.4.1.Final/hibernate-core-6.4.1.Final.jar:/Users/khacvu/.m2/repository/jakarta/persistence/jakarta.persistence-api/3.1.0/jakarta.persistence-api-3.1.0.jar:/Users/khacvu/.m2/repository/jakarta/transaction/jakarta.transaction-api/2.0.1/jakarta.transaction-api-2.0.1.jar:/Users/khacvu/.m2/repository/org/jboss/logging/jboss-logging/3.5.3.Final/jboss-logging-3.5.3.Final.jar:/Users/khacvu/.m2/repository/org/hibernate/common/hibernate-commons-annotations/6.0.6.Final/hibernate-commons-annotations-6.0.6.Final.jar:/Users/khacvu/.m2/repository/io/smallrye/jandex/3.1.2/jandex-3.1.2.jar:/Users/khacvu/.m2/repository/com/fasterxml/classmate/1.6.0/classmate-1.6.0.jar:/Users/khacvu/.m2/repository/net/bytebuddy/byte-buddy/1.14.11/byte-buddy-1.14.11.jar:/Users/khacvu/.m2/repository/org/glassfish/jaxb/jaxb-runtime/4.0.4/jaxb-runtime-4.0.4.jar:/Users/khacvu/.m2/repository/org/glassfish/jaxb/jaxb-core/4.0.4/jaxb-core-4.0.4.jar:/Users/khacvu/.m2/repository/org/glassfish/jaxb/txw2/4.0.4/txw2-4.0.4.jar:/Users/khacvu/.m2/repository/com/sun/istack/istack-commons-runtime/4.1.2/istack-commons-runtime-4.1.2.jar:/Users/khacvu/.m2/repository/jakarta/inject/jakarta.inject-api/2.0.1/jakarta.inject-api-2.0.1.jar:/Users/khacvu/.m2/repository/org/antlr/antlr4-runtime/4.13.0/antlr4-runtime-4.13.0.jar:/Users/khacvu/.m2/repository/org/springframework/data/spring-data-jpa/3.2.2/spring-data-jpa-3.2.2.jar:/Users/khacvu/.m2/repository/org/springframework/data/spring-data-commons/3.2.2/spring-data-commons-3.2.2.jar:/Users/khacvu/.m2/repository/org/springframework/spring-orm/6.1.3/spring-orm-6.1.3.jar:/Users/khacvu/.m2/repository/org/springframework/spring-context/6.1.3/spring-context-6.1.3.jar:/Users/khacvu/.m2/repository/org/springframework/spring-tx/6.1.3/spring-tx-6.1.3.jar:/Users/khacvu/.m2/repository/org/springframework/spring-beans/6.1.3/spring-beans-6.1.3.jar:/Users/khacvu/.m2/repository/jakarta/annotation/jakarta.annotation-api/2.1.1/jakarta.annotation-api-2.1.1.jar:/Users/khacvu/.m2/repository/org/springframework/spring-aspects/6.1.3/spring-aspects-6.1.3.jar:/Users/khacvu/.m2/repository/org/springframework/boot/spring-boot-starter-web/3.2.2/spring-boot-starter-web-3.2.2.jar:/Users/khacvu/.m2/repository/org/springframework/boot/spring-boot-starter/3.2.2/spring-boot-starter-3.2.2.jar:/Users/khacvu/.m2/repository/org/springframework/boot/spring-boot-starter-logging/3.2.2/spring-boot-starter-logging-3.2.2.jar:/Users/khacvu/.m2/repository/ch/qos/logback/logback-classic/1.4.14/logback-classic-1.4.14.jar:/Users/khacvu/.m2/repository/ch/qos/logback/logback-core/1.4.14/logback-core-1.4.14.jar:/Users/khacvu/.m2/repository/org/apache/logging/log4j/log4j-to-slf4j/2.21.1/log4j-to-slf4j-2.21.1.jar:/Users/khacvu/.m2/repository/org/apache/logging/log4j/log4j-api/2.21.1/log4j-api-2.21.1.jar:/Users/khacvu/.m2/repository/org/slf4j/jul-to-slf4j/2.0.11/jul-to-slf4j-2.0.11.jar:/Users/khacvu/.m2/repository/org/yaml/snakeyaml/2.2/snakeyaml-2.2.jar:/Users/khacvu/.m2/repository/org/springframework/boot/spring-boot-starter-json/3.2.2/spring-boot-starter-json-3.2.2.jar:/Users/khacvu/.m2/repository/com/fasterxml/jackson/datatype/jackson-datatype-jdk8/2.15.3/jackson-datatype-jdk8-2.15.3.jar:/Users/khacvu/.m2/repository/com/fasterxml/jackson/datatype/jackson-datatype-jsr310/2.15.3/jackson-datatype-jsr310-2.15.3.jar:/Users/khacvu/.m2/repository/com/fasterxml/jackson/module/jackson-module-parameter-names/2.15.3/jackson-module-parameter-names-2.15.3.jar:/Users/khacvu/.m2/repository/org/springframework/boot/spring-boot-starter-tomcat/3.2.2/spring-boot-starter-tomcat-3.2.2.jar:/Users/khacvu/.m2/repository/org/apache/tomcat/embed/tomcat-embed-core/10.1.18/tomcat-embed-core-10.1.18.jar:/Users/khacvu/.m2/repository/org/apache/tomcat/embed/tomcat-embed-el/10.1.18/tomcat-embed-el-10.1.18.jar:/Users/khacvu/.m2/repository/org/apache/tomcat/embed/tomcat-embed-websocket/10.1.18/tomcat-embed-websocket-10.1.18.jar:/Users/khacvu/.m2/repository/org/springframework/spring-web/6.1.3/spring-web-6.1.3.jar:/Users/khacvu/.m2/repository/io/micrometer/micrometer-observation/1.12.2/micrometer-observation-1.12.2.jar:/Users/khacvu/.m2/repository/io/micrometer/micrometer-commons/1.12.2/micrometer-commons-1.12.2.jar:/Users/khacvu/.m2/repository/org/springframework/spring-webmvc/6.1.3/spring-webmvc-6.1.3.jar:/Users/khacvu/.m2/repository/org/springframework/spring-expression/6.1.3/spring-expression-6.1.3.jar:/Users/khacvu/.m2/repository/org/springframework/boot/spring-boot-devtools/3.2.2/spring-boot-devtools-3.2.2.jar:/Users/khacvu/.m2/repository/org/springframework/boot/spring-boot/3.2.2/spring-boot-3.2.2.jar:/Users/khacvu/.m2/repository/org/springframework/boot/spring-boot-autoconfigure/3.2.2/spring-boot-autoconfigure-3.2.2.jar:/Users/khacvu/.m2/repository/org/postgresql/postgresql/42.6.0/postgresql-42.6.0.jar:/Users/khacvu/.m2/repository/org/checkerframework/checker-qual/3.31.0/checker-qual-3.31.0.jar:/Users/khacvu/.m2/repository/org/projectlombok/lombok/1.18.30/lombok-1.18.30.jar:/Users/khacvu/.m2/repository/org/springframework/boot/spring-boot-starter-test/3.2.2/spring-boot-starter-test-3.2.2.jar:/Users/khacvu/.m2/repository/org/springframework/boot/spring-boot-test/3.2.2/spring-boot-test-3.2.2.jar:/Users/khacvu/.m2/repository/org/springframework/boot/spring-boot-test-autoconfigure/3.2.2/spring-boot-test-autoconfigure-3.2.2.jar:/Users/khacvu/.m2/repository/com/jayway/jsonpath/json-path/2.8.0/json-path-2.8.0.jar:/Users/khacvu/.m2/repository/jakarta/xml/bind/jakarta.xml.bind-api/4.0.1/jakarta.xml.bind-api-4.0.1.jar:/Users/khacvu/.m2/repository/jakarta/activation/jakarta.activation-api/2.1.2/jakarta.activation-api-2.1.2.jar:/Users/khacvu/.m2/repository/net/minidev/json-smart/2.5.0/json-smart-2.5.0.jar:/Users/khacvu/.m2/repository/net/minidev/accessors-smart/2.5.0/accessors-smart-2.5.0.jar:/Users/khacvu/.m2/repository/org/ow2/asm/asm/9.3/asm-9.3.jar:/Users/khacvu/.m2/repository/org/assertj/assertj-core/3.24.2/assertj-core-3.24.2.jar:/Users/khacvu/.m2/repository/org/awaitility/awaitility/4.2.0/awaitility-4.2.0.jar:/Users/khacvu/.m2/repository/org/hamcrest/hamcrest/2.2/hamcrest-2.2.jar:/Users/khacvu/.m2/repository/org/junit/jupiter/junit-jupiter/5.10.1/junit-jupiter-5.10.1.jar:/Users/khacvu/.m2/repository/org/junit/jupiter/junit-jupiter-api/5.10.1/junit-jupiter-api-5.10.1.jar:/Users/khacvu/.m2/repository/org/opentest4j/opentest4j/1.3.0/opentest4j-1.3.0.jar:/Users/khacvu/.m2/repository/org/junit/platform/junit-platform-commons/1.10.1/junit-platform-commons-1.10.1.jar:/Users/khacvu/.m2/repository/org/apiguardian/apiguardian-api/1.1.2/apiguardian-api-1.1.2.jar:/Users/khacvu/.m2/repository/org/junit/jupiter/junit-jupiter-params/5.10.1/junit-jupiter-params-5.10.1.jar:/Users/khacvu/.m2/repository/org/junit/jupiter/junit-jupiter-engine/5.10.1/junit-jupiter-engine-5.10.1.jar:/Users/khacvu/.m2/repository/org/junit/platform/junit-platform-engine/1.10.1/junit-platform-engine-1.10.1.jar:/Users/khacvu/.m2/repository/org/mockito/mockito-core/5.7.0/mockito-core-5.7.0.jar:/Users/khacvu/.m2/repository/net/bytebuddy/byte-buddy-agent/1.14.11/byte-buddy-agent-1.14.11.jar:/Users/khacvu/.m2/repository/org/objenesis/objenesis/3.3/objenesis-3.3.jar:/Users/khacvu/.m2/repository/org/mockito/mockito-junit-jupiter/5.7.0/mockito-junit-jupiter-5.7.0.jar:/Users/khacvu/.m2/repository/org/skyscreamer/jsonassert/1.5.1/jsonassert-1.5.1.jar:/Users/khacvu/.m2/repository/com/vaadin/external/google/android-json/0.0.20131108.vaadin1/android-json-0.0.20131108.vaadin1.jar:/Users/khacvu/.m2/repository/org/springframework/spring-core/6.1.3/spring-core-6.1.3.jar:/Users/khacvu/.m2/repository/org/springframework/spring-jcl/6.1.3/spring-jcl-6.1.3.jar:/Users/khacvu/.m2/repository/org/springframework/spring-test/6.1.3/spring-test-6.1.3.jar:/Users/khacvu/.m2/repository/org/xmlunit/xmlunit-core/2.9.1/xmlunit-core-2.9.1.jar:/Users/khacvu/.m2/repository/org/springframework/boot/spring-boot-starter-security/3.0.4/spring-boot-starter-security-3.0.4.jar:/Users/khacvu/.m2/repository/org/springframework/spring-aop/6.1.3/spring-aop-6.1.3.jar:/Users/khacvu/.m2/repository/org/springframework/security/spring-security-config/6.2.1/spring-security-config-6.2.1.jar:/Users/khacvu/.m2/repository/org/springframework/security/spring-security-web/6.2.1/spring-security-web-6.2.1.jar:/Users/khacvu/.m2/repository/org/springframework/security/spring-security-test/6.2.1/spring-security-test-6.2.1.jar:/Users/khacvu/.m2/repository/org/springframework/security/spring-security-core/6.2.1/spring-security-core-6.2.1.jar:/Users/khacvu/.m2/repository/org/springframework/security/spring-security-crypto/6.2.1/spring-security-crypto-6.2.1.jar:/Users/khacvu/.m2/repository/io/jsonwebtoken/jjwt-api/0.11.5/jjwt-api-0.11.5.jar:/Users/khacvu/.m2/repository/io/jsonwebtoken/jjwt-impl/0.11.5/jjwt-impl-0.11.5.jar:/Users/khacvu/.m2/repository/io/jsonwebtoken/jjwt-jackson/0.11.5/jjwt-jackson-0.11.5.jar:/Users/khacvu/.m2/repository/com/fasterxml/jackson/core/jackson-databind/2.15.3/jackson-databind-2.15.3.jar:/Users/khacvu/.m2/repository/com/fasterxml/jackson/core/jackson-annotations/2.15.3/jackson-annotations-2.15.3.jar:/Users/khacvu/.m2/repository/com/fasterxml/jackson/core/jackson-core/2.15.3/jackson-core-2.15.3.jar:/Users/khacvu/.m2/repository/org/springframework/boot/spring-boot-starter-mail/3.0.4/spring-boot-starter-mail-3.0.4.jar:/Users/khacvu/.m2/repository/org/springframework/spring-context-support/6.1.3/spring-context-support-6.1.3.jar:/Users/khacvu/.m2/repository/org/eclipse/angus/jakarta.mail/2.0.2/jakarta.mail-2.0.2.jar:/Users/khacvu/.m2/repository/org/eclipse/angus/angus-activation/2.0.1/angus-activation-2.0.1.jar:/Users/khacvu/.m2/repository/redis/clients/jedis/5.0.2/jedis-5.0.2.jar:/Users/khacvu/.m2/repository/org/slf4j/slf4j-api/2.0.11/slf4j-api-2.0.11.jar:/Users/khacvu/.m2/repository/org/apache/commons/commons-pool2/2.12.0/commons-pool2-2.12.0.jar:/Users/khacvu/.m2/repository/org/json/json/20231013/json-20231013.jar:/Users/khacvu/.m2/repository/com/google/code/gson/gson/2.10.1/gson-2.10.1.jar:/Users/khacvu/.m2/repository/org/springframework/boot/spring-boot-starter-data-redis/3.2.2/spring-boot-starter-data-redis-3.2.2.jar:/Users/khacvu/.m2/repository/io/lettuce/lettuce-core/6.3.1.RELEASE/lettuce-core-6.3.1.RELEASE.jar:/Users/khacvu/.m2/repository/io/netty/netty-common/4.1.105.Final/netty-common-4.1.105.Final.jar:/Users/khacvu/.m2/repository/io/netty/netty-handler/4.1.105.Final/netty-handler-4.1.105.Final.jar:/Users/khacvu/.m2/repository/io/netty/netty-resolver/4.1.105.Final/netty-resolver-4.1.105.Final.jar:/Users/khacvu/.m2/repository/io/netty/netty-buffer/4.1.105.Final/netty-buffer-4.1.105.Final.jar:/Users/khacvu/.m2/repository/io/netty/netty-transport-native-unix-common/4.1.105.Final/netty-transport-native-unix-common-4.1.105.Final.jar:/Users/khacvu/.m2/repository/io/netty/netty-codec/4.1.105.Final/netty-codec-4.1.105.Final.jar:/Users/khacvu/.m2/repository/io/netty/netty-transport/4.1.105.Final/netty-transport-4.1.105.Final.jar:/Users/khacvu/.m2/repository/io/projectreactor/reactor-core/3.6.2/reactor-core-3.6.2.jar:/Users/khacvu/.m2/repository/org/reactivestreams/reactive-streams/1.0.4/reactive-streams-1.0.4.jar:/Users/khacvu/.m2/repository/org/springframework/data/spring-data-redis/3.2.2/spring-data-redis-3.2.2.jar:/Users/khacvu/.m2/repository/org/springframework/data/spring-data-keyvalue/3.2.2/spring-data-keyvalue-3.2.2.jar:/Users/khacvu/.m2/repository/org/springframework/spring-oxm/6.1.3/spring-oxm-6.1.3.jar:/Users/khacvu/.m2/repository/com/warrenstrange/googleauth/1.5.0/googleauth-1.5.0.jar:/Users/khacvu/.m2/repository/commons-codec/commons-codec/1.16.0/commons-codec-1.16.0.jar:/Users/khacvu/.m2/repository/org/apache/httpcomponents/httpclient/4.5.12/httpclient-4.5.12.jar:/Users/khacvu/.m2/repository/org/apache/httpcomponents/httpcore/4.4.16/httpcore-4.4.16.jar:/Users/khacvu/.m2/repository/commons-logging/commons-logging/1.2/commons-logging-1.2.jar:/Users/khacvu/.m2/repository/org/bytedeco/javacv-platform/1.5.9/javacv-platform-1.5.9.jar:/Users/khacvu/.m2/repository/org/bytedeco/javacv/1.5.9/javacv-1.5.9.jar:/Users/khacvu/.m2/repository/org/bytedeco/javacpp/1.5.9/javacpp-1.5.9.jar:/Users/khacvu/.m2/repository/org/bytedeco/openblas/0.3.23-1.5.9/openblas-0.3.23-1.5.9.jar:/Users/khacvu/.m2/repository/org/bytedeco/opencv/4.7.0-1.5.9/opencv-4.7.0-1.5.9.jar:/Users/khacvu/.m2/repository/org/bytedeco/ffmpeg/6.0-1.5.9/ffmpeg-6.0-1.5.9.jar:/Users/khacvu/.m2/repository/org/bytedeco/flycapture/2.13.3.31-1.5.9/flycapture-2.13.3.31-1.5.9.jar:/Users/khacvu/.m2/repository/org/bytedeco/libdc1394/2.2.6-1.5.9/libdc1394-2.2.6-1.5.9.jar:/Users/khacvu/.m2/repository/org/bytedeco/libfreenect/0.5.7-1.5.9/libfreenect-0.5.7-1.5.9.jar:/Users/khacvu/.m2/repository/org/bytedeco/libfreenect2/0.2.0-1.5.9/libfreenect2-0.2.0-1.5.9.jar:/Users/khacvu/.m2/repository/org/bytedeco/librealsense/1.12.4-1.5.9/librealsense-1.12.4-1.5.9.jar:/Users/khacvu/.m2/repository/org/bytedeco/librealsense2/2.53.1-1.5.9/librealsense2-2.53.1-1.5.9.jar:/Users/khacvu/.m2/repository/org/bytedeco/videoinput/0.200-1.5.9/videoinput-0.200-1.5.9.jar:/Users/khacvu/.m2/repository/org/bytedeco/artoolkitplus/2.3.1-1.5.9/artoolkitplus-2.3.1-1.5.9.jar:/Users/khacvu/.m2/repository/org/bytedeco/leptonica/1.83.0-1.5.9/leptonica-1.83.0-1.5.9.jar:/Users/khacvu/.m2/repository/org/bytedeco/tesseract/5.3.1-1.5.9/tesseract-5.3.1-1.5.9.jar:/Users/khacvu/.m2/repository/org/bytedeco/openblas-platform/0.3.23-1.5.9/openblas-platform-0.3.23-1.5.9.jar:/Users/khacvu/.m2/repository/org/bytedeco/javacpp-platform/1.5.9/javacpp-platform-1.5.9.jar:/Users/khacvu/.m2/repository/org/bytedeco/javacpp/1.5.9/javacpp-1.5.9-android-arm.jar:/Users/khacvu/.m2/repository/org/bytedeco/javacpp/1.5.9/javacpp-1.5.9-android-arm64.jar:/Users/khacvu/.m2/repository/org/bytedeco/javacpp/1.5.9/javacpp-1.5.9-android-x86.jar:/Users/khacvu/.m2/repository/org/bytedeco/javacpp/1.5.9/javacpp-1.5.9-android-x86_64.jar:/Users/khacvu/.m2/repository/org/bytedeco/javacpp/1.5.9/javacpp-1.5.9-ios-arm64.jar:/Users/khacvu/.m2/repository/org/bytedeco/javacpp/1.5.9/javacpp-1.5.9-ios-x86_64.jar:/Users/khacvu/.m2/repository/org/bytedeco/javacpp/1.5.9/javacpp-1.5.9-linux-armhf.jar:/Users/khacvu/.m2/repository/org/bytedeco/javacpp/1.5.9/javacpp-1.5.9-linux-arm64.jar:/Users/khacvu/.m2/repository/org/bytedeco/javacpp/1.5.9/javacpp-1.5.9-linux-ppc64le.jar:/Users/khacvu/.m2/repository/org/bytedeco/javacpp/1.5.9/javacpp-1.5.9-linux-x86.jar:/Users/khacvu/.m2/repository/org/bytedeco/javacpp/1.5.9/javacpp-1.5.9-linux-x86_64.jar:/Users/khacvu/.m2/repository/org/bytedeco/javacpp/1.5.9/javacpp-1.5.9-macosx-arm64.jar:/Users/khacvu/.m2/repository/org/bytedeco/javacpp/1.5.9/javacpp-1.5.9-macosx-x86_64.jar:/Users/khacvu/.m2/repository/org/bytedeco/javacpp/1.5.9/javacpp-1.5.9-windows-x86.jar:/Users/khacvu/.m2/repository/org/bytedeco/javacpp/1.5.9/javacpp-1.5.9-windows-x86_64.jar:/Users/khacvu/.m2/repository/org/bytedeco/openblas/0.3.23-1.5.9/openblas-0.3.23-1.5.9-android-arm.jar:/Users/khacvu/.m2/repository/org/bytedeco/openblas/0.3.23-1.5.9/openblas-0.3.23-1.5.9-android-arm64.jar:/Users/khacvu/.m2/repository/org/bytedeco/openblas/0.3.23-1.5.9/openblas-0.3.23-1.5.9-android-x86.jar:/Users/khacvu/.m2/repository/org/bytedeco/openblas/0.3.23-1.5.9/openblas-0.3.23-1.5.9-android-x86_64.jar:/Users/khacvu/.m2/repository/org/bytedeco/openblas/0.3.23-1.5.9/openblas-0.3.23-1.5.9-ios-arm64.jar:/Users/khacvu/.m2/repository/org/bytedeco/openblas/0.3.23-1.5.9/openblas-0.3.23-1.5.9-ios-x86_64.jar:/Users/khacvu/.m2/repository/org/bytedeco/openblas/0.3.23-1.5.9/openblas-0.3.23-1.5.9-linux-x86.jar:/Users/khacvu/.m2/repository/org/bytedeco/openblas/0.3.23-1.5.9/openblas-0.3.23-1.5.9-linux-x86_64.jar:/Users/khacvu/.m2/repository/org/bytedeco/openblas/0.3.23-1.5.9/openblas-0.3.23-1.5.9-linux-armhf.jar:/Users/khacvu/.m2/repository/org/bytedeco/openblas/0.3.23-1.5.9/openblas-0.3.23-1.5.9-linux-arm64.jar:/Users/khacvu/.m2/repository/org/bytedeco/openblas/0.3.23-1.5.9/openblas-0.3.23-1.5.9-linux-ppc64le.jar:/Users/khacvu/.m2/repository/org/bytedeco/openblas/0.3.23-1.5.9/openblas-0.3.23-1.5.9-macosx-arm64.jar:/Users/khacvu/.m2/repository/org/bytedeco/openblas/0.3.23-1.5.9/openblas-0.3.23-1.5.9-macosx-x86_64.jar:/Users/khacvu/.m2/repository/org/bytedeco/openblas/0.3.23-1.5.9/openblas-0.3.23-1.5.9-windows-x86.jar:/Users/khacvu/.m2/repository/org/bytedeco/openblas/0.3.23-1.5.9/openblas-0.3.23-1.5.9-windows-x86_64.jar:/Users/khacvu/.m2/repository/org/bytedeco/opencv-platform/4.7.0-1.5.9/opencv-platform-4.7.0-1.5.9.jar:/Users/khacvu/.m2/repository/org/bytedeco/opencv/4.7.0-1.5.9/opencv-4.7.0-1.5.9-android-arm.jar:/Users/khacvu/.m2/repository/org/bytedeco/opencv/4.7.0-1.5.9/opencv-4.7.0-1.5.9-android-arm64.jar:/Users/khacvu/.m2/repository/org/bytedeco/opencv/4.7.0-1.5.9/opencv-4.7.0-1.5.9-android-x86.jar:/Users/khacvu/.m2/repository/org/bytedeco/opencv/4.7.0-1.5.9/opencv-4.7.0-1.5.9-android-x86_64.jar:/Users/khacvu/.m2/repository/org/bytedeco/opencv/4.7.0-1.5.9/opencv-4.7.0-1.5.9-ios-arm64.jar:/Users/khacvu/.m2/repository/org/bytedeco/opencv/4.7.0-1.5.9/opencv-4.7.0-1.5.9-ios-x86_64.jar:/Users/khacvu/.m2/repository/org/bytedeco/opencv/4.7.0-1.5.9/opencv-4.7.0-1.5.9-linux-x86.jar:/Users/khacvu/.m2/repository/org/bytedeco/opencv/4.7.0-1.5.9/opencv-4.7.0-1.5.9-linux-x86_64.jar:/Users/khacvu/.m2/repository/org/bytedeco/opencv/4.7.0-1.5.9/opencv-4.7.0-1.5.9-linux-armhf.jar:/Users/khacvu/.m2/repository/org/bytedeco/opencv/4.7.0-1.5.9/opencv-4.7.0-1.5.9-linux-arm64.jar:/Users/khacvu/.m2/repository/org/bytedeco/opencv/4.7.0-1.5.9/opencv-4.7.0-1.5.9-linux-ppc64le.jar:/Users/khacvu/.m2/repository/org/bytedeco/opencv/4.7.0-1.5.9/opencv-4.7.0-1.5.9-macosx-arm64.jar:/Users/khacvu/.m2/repository/org/bytedeco/opencv/4.7.0-1.5.9/opencv-4.7.0-1.5.9-macosx-x86_64.jar:/Users/khacvu/.m2/repository/org/bytedeco/opencv/4.7.0-1.5.9/opencv-4.7.0-1.5.9-windows-x86.jar:/Users/khacvu/.m2/repository/org/bytedeco/opencv/4.7.0-1.5.9/opencv-4.7.0-1.5.9-windows-x86_64.jar:/Users/khacvu/.m2/repository/org/bytedeco/ffmpeg-platform/6.0-1.5.9/ffmpeg-platform-6.0-1.5.9.jar:/Users/khacvu/.m2/repository/org/bytedeco/ffmpeg/6.0-1.5.9/ffmpeg-6.0-1.5.9-android-arm.jar:/Users/khacvu/.m2/repository/org/bytedeco/ffmpeg/6.0-1.5.9/ffmpeg-6.0-1.5.9-android-arm64.jar:/Users/khacvu/.m2/repository/org/bytedeco/ffmpeg/6.0-1.5.9/ffmpeg-6.0-1.5.9-android-x86.jar:/Users/khacvu/.m2/repository/org/bytedeco/ffmpeg/6.0-1.5.9/ffmpeg-6.0-1.5.9-android-x86_64.jar:/Users/khacvu/.m2/repository/org/bytedeco/ffmpeg/6.0-1.5.9/ffmpeg-6.0-1.5.9-linux-x86.jar:/Users/khacvu/.m2/repository/org/bytedeco/ffmpeg/6.0-1.5.9/ffmpeg-6.0-1.5.9-linux-x86_64.jar:/Users/khacvu/.m2/repository/org/bytedeco/ffmpeg/6.0-1.5.9/ffmpeg-6.0-1.5.9-linux-armhf.jar:/Users/khacvu/.m2/repository/org/bytedeco/ffmpeg/6.0-1.5.9/ffmpeg-6.0-1.5.9-linux-arm64.jar:/Users/khacvu/.m2/repository/org/bytedeco/ffmpeg/6.0-1.5.9/ffmpeg-6.0-1.5.9-linux-ppc64le.jar:/Users/khacvu/.m2/repository/org/bytedeco/ffmpeg/6.0-1.5.9/ffmpeg-6.0-1.5.9-macosx-arm64.jar:/Users/khacvu/.m2/repository/org/bytedeco/ffmpeg/6.0-1.5.9/ffmpeg-6.0-1.5.9-macosx-x86_64.jar:/Users/khacvu/.m2/repository/org/bytedeco/ffmpeg/6.0-1.5.9/ffmpeg-6.0-1.5.9-windows-x86.jar:/Users/khacvu/.m2/repository/org/bytedeco/ffmpeg/6.0-1.5.9/ffmpeg-6.0-1.5.9-windows-x86_64.jar:/Users/khacvu/.m2/repository/org/bytedeco/flycapture-platform/2.13.3.31-1.5.9/flycapture-platform-2.13.3.31-1.5.9.jar:/Users/khacvu/.m2/repository/org/bytedeco/flycapture/2.13.3.31-1.5.9/flycapture-2.13.3.31-1.5.9-linux-x86.jar:/Users/khacvu/.m2/repository/org/bytedeco/flycapture/2.13.3.31-1.5.9/flycapture-2.13.3.31-1.5.9-linux-x86_64.jar:/Users/khacvu/.m2/repository/org/bytedeco/flycapture/2.13.3.31-1.5.9/flycapture-2.13.3.31-1.5.9-linux-armhf.jar:/Users/khacvu/.m2/repository/org/bytedeco/flycapture/2.13.3.31-1.5.9/flycapture-2.13.3.31-1.5.9-linux-arm64.jar:/Users/khacvu/.m2/repository/org/bytedeco/flycapture/2.13.3.31-1.5.9/flycapture-2.13.3.31-1.5.9-windows-x86.jar:/Users/khacvu/.m2/repository/org/bytedeco/flycapture/2.13.3.31-1.5.9/flycapture-2.13.3.31-1.5.9-windows-x86_64.jar:/Users/khacvu/.m2/repository/org/bytedeco/libdc1394-platform/2.2.6-1.5.9/libdc1394-platform-2.2.6-1.5.9.jar:/Users/khacvu/.m2/repository/org/bytedeco/libdc1394/2.2.6-1.5.9/libdc1394-2.2.6-1.5.9-linux-x86.jar:/Users/khacvu/.m2/repository/org/bytedeco/libdc1394/2.2.6-1.5.9/libdc1394-2.2.6-1.5.9-linux-x86_64.jar:/Users/khacvu/.m2/repository/org/bytedeco/libdc1394/2.2.6-1.5.9/libdc1394-2.2.6-1.5.9-linux-armhf.jar:/Users/khacvu/.m2/repository/org/bytedeco/libdc1394/2.2.6-1.5.9/libdc1394-2.2.6-1.5.9-linux-arm64.jar:/Users/khacvu/.m2/repository/org/bytedeco/libdc1394/2.2.6-1.5.9/libdc1394-2.2.6-1.5.9-linux-ppc64le.jar:/Users/khacvu/.m2/repository/org/bytedeco/libdc1394/2.2.6-1.5.9/libdc1394-2.2.6-1.5.9-macosx-x86_64.jar:/Users/khacvu/.m2/repository/org/bytedeco/libdc1394/2.2.6-1.5.9/libdc1394-2.2.6-1.5.9-windows-x86.jar:/Users/khacvu/.m2/repository/org/bytedeco/libdc1394/2.2.6-1.5.9/libdc1394-2.2.6-1.5.9-windows-x86_64.jar:/Users/khacvu/.m2/repository/org/bytedeco/libfreenect-platform/0.5.7-1.5.9/libfreenect-platform-0.5.7-1.5.9.jar:/Users/khacvu/.m2/repository/org/bytedeco/libfreenect/0.5.7-1.5.9/libfreenect-0.5.7-1.5.9-linux-x86.jar:/Users/khacvu/.m2/repository/org/bytedeco/libfreenect/0.5.7-1.5.9/libfreenect-0.5.7-1.5.9-linux-x86_64.jar:/Users/khacvu/.m2/repository/org/bytedeco/libfreenect/0.5.7-1.5.9/libfreenect-0.5.7-1.5.9-linux-armhf.jar:/Users/khacvu/.m2/repository/org/bytedeco/libfreenect/0.5.7-1.5.9/libfreenect-0.5.7-1.5.9-linux-arm64.jar:/Users/khacvu/.m2/repository/org/bytedeco/libfreenect/0.5.7-1.5.9/libfreenect-0.5.7-1.5.9-linux-ppc64le.jar:/Users/khacvu/.m2/repository/org/bytedeco/libfreenect/0.5.7-1.5.9/libfreenect-0.5.7-1.5.9-macosx-x86_64.jar:/Users/khacvu/.m2/repository/org/bytedeco/libfreenect/0.5.7-1.5.9/libfreenect-0.5.7-1.5.9-windows-x86.jar:/Users/khacvu/.m2/repository/org/bytedeco/libfreenect/0.5.7-1.5.9/libfreenect-0.5.7-1.5.9-windows-x86_64.jar:/Users/khacvu/.m2/repository/org/bytedeco/libfreenect2-platform/0.2.0-1.5.9/libfreenect2-platform-0.2.0-1.5.9.jar:/Users/khacvu/.m2/repository/org/bytedeco/libfreenect2/0.2.0-1.5.9/libfreenect2-0.2.0-1.5.9-linux-x86.jar:/Users/khacvu/.m2/repository/org/bytedeco/libfreenect2/0.2.0-1.5.9/libfreenect2-0.2.0-1.5.9-linux-x86_64.jar:/Users/khacvu/.m2/repository/org/bytedeco/libfreenect2/0.2.0-1.5.9/libfreenect2-0.2.0-1.5.9-macosx-x86_64.jar:/Users/khacvu/.m2/repository/org/bytedeco/libfreenect2/0.2.0-1.5.9/libfreenect2-0.2.0-1.5.9-windows-x86_64.jar:/Users/khacvu/.m2/repository/org/bytedeco/librealsense-platform/1.12.4-1.5.9/librealsense-platform-1.12.4-1.5.9.jar:/Users/khacvu/.m2/repository/org/bytedeco/librealsense/1.12.4-1.5.9/librealsense-1.12.4-1.5.9-linux-armhf.jar:/Users/khacvu/.m2/repository/org/bytedeco/librealsense/1.12.4-1.5.9/librealsense-1.12.4-1.5.9-linux-arm64.jar:/Users/khacvu/.m2/repository/org/bytedeco/librealsense/1.12.4-1.5.9/librealsense-1.12.4-1.5.9-linux-x86.jar:/Users/khacvu/.m2/repository/org/bytedeco/librealsense/1.12.4-1.5.9/librealsense-1.12.4-1.5.9-linux-x86_64.jar:/Users/khacvu/.m2/repository/org/bytedeco/librealsense/1.12.4-1.5.9/librealsense-1.12.4-1.5.9-macosx-x86_64.jar:/Users/khacvu/.m2/repository/org/bytedeco/librealsense/1.12.4-1.5.9/librealsense-1.12.4-1.5.9-windows-x86.jar:/Users/khacvu/.m2/repository/org/bytedeco/librealsense/1.12.4-1.5.9/librealsense-1.12.4-1.5.9-windows-x86_64.jar:/Users/khacvu/.m2/repository/org/bytedeco/librealsense2-platform/2.53.1-1.5.9/librealsense2-platform-2.53.1-1.5.9.jar:/Users/khacvu/.m2/repository/org/bytedeco/librealsense2/2.53.1-1.5.9/librealsense2-2.53.1-1.5.9-linux-armhf.jar:/Users/khacvu/.m2/repository/org/bytedeco/librealsense2/2.53.1-1.5.9/librealsense2-2.53.1-1.5.9-linux-arm64.jar:/Users/khacvu/.m2/repository/org/bytedeco/librealsense2/2.53.1-1.5.9/librealsense2-2.53.1-1.5.9-linux-x86.jar:/Users/khacvu/.m2/repository/org/bytedeco/librealsense2/2.53.1-1.5.9/librealsense2-2.53.1-1.5.9-linux-x86_64.jar:/Users/khacvu/.m2/repository/org/bytedeco/librealsense2/2.53.1-1.5.9/librealsense2-2.53.1-1.5.9-macosx-x86_64.jar:/Users/khacvu/.m2/repository/org/bytedeco/librealsense2/2.53.1-1.5.9/librealsense2-2.53.1-1.5.9-windows-x86.jar:/Users/khacvu/.m2/repository/org/bytedeco/librealsense2/2.53.1-1.5.9/librealsense2-2.53.1-1.5.9-windows-x86_64.jar:/Users/khacvu/.m2/repository/org/bytedeco/videoinput-platform/0.200-1.5.9/videoinput-platform-0.200-1.5.9.jar:/Users/khacvu/.m2/repository/org/bytedeco/videoinput/0.200-1.5.9/videoinput-0.200-1.5.9-windows-x86.jar:/Users/khacvu/.m2/repository/org/bytedeco/videoinput/0.200-1.5.9/videoinput-0.200-1.5.9-windows-x86_64.jar:/Users/khacvu/.m2/repository/org/bytedeco/artoolkitplus-platform/2.3.1-1.5.9/artoolkitplus-platform-2.3.1-1.5.9.jar:/Users/khacvu/.m2/repository/org/bytedeco/artoolkitplus/2.3.1-1.5.9/artoolkitplus-2.3.1-1.5.9-android-arm.jar:/Users/khacvu/.m2/repository/org/bytedeco/artoolkitplus/2.3.1-1.5.9/artoolkitplus-2.3.1-1.5.9-android-arm64.jar:/Users/khacvu/.m2/repository/org/bytedeco/artoolkitplus/2.3.1-1.5.9/artoolkitplus-2.3.1-1.5.9-android-x86.jar:/Users/khacvu/.m2/repository/org/bytedeco/artoolkitplus/2.3.1-1.5.9/artoolkitplus-2.3.1-1.5.9-android-x86_64.jar:/Users/khacvu/.m2/repository/org/bytedeco/artoolkitplus/2.3.1-1.5.9/artoolkitplus-2.3.1-1.5.9-linux-x86.jar:/Users/khacvu/.m2/repository/org/bytedeco/artoolkitplus/2.3.1-1.5.9/artoolkitplus-2.3.1-1.5.9-linux-x86_64.jar:/Users/khacvu/.m2/repository/org/bytedeco/artoolkitplus/2.3.1-1.5.9/artoolkitplus-2.3.1-1.5.9-linux-armhf.jar:/Users/khacvu/.m2/repository/org/bytedeco/artoolkitplus/2.3.1-1.5.9/artoolkitplus-2.3.1-1.5.9-linux-arm64.jar:/Users/khacvu/.m2/repository/org/bytedeco/artoolkitplus/2.3.1-1.5.9/artoolkitplus-2.3.1-1.5.9-linux-ppc64le.jar:/Users/khacvu/.m2/repository/org/bytedeco/artoolkitplus/2.3.1-1.5.9/artoolkitplus-2.3.1-1.5.9-macosx-x86_64.jar:/Users/khacvu/.m2/repository/org/bytedeco/artoolkitplus/2.3.1-1.5.9/artoolkitplus-2.3.1-1.5.9-windows-x86.jar:/Users/khacvu/.m2/repository/org/bytedeco/artoolkitplus/2.3.1-1.5.9/artoolkitplus-2.3.1-1.5.9-windows-x86_64.jar:/Users/khacvu/.m2/repository/org/bytedeco/leptonica-platform/1.83.0-1.5.9/leptonica-platform-1.83.0-1.5.9.jar:/Users/khacvu/.m2/repository/org/bytedeco/leptonica/1.83.0-1.5.9/leptonica-1.83.0-1.5.9-android-arm.jar:/Users/khacvu/.m2/repository/org/bytedeco/leptonica/1.83.0-1.5.9/leptonica-1.83.0-1.5.9-android-arm64.jar:/Users/khacvu/.m2/repository/org/bytedeco/leptonica/1.83.0-1.5.9/leptonica-1.83.0-1.5.9-android-x86.jar:/Users/khacvu/.m2/repository/org/bytedeco/leptonica/1.83.0-1.5.9/leptonica-1.83.0-1.5.9-android-x86_64.jar:/Users/khacvu/.m2/repository/org/bytedeco/leptonica/1.83.0-1.5.9/leptonica-1.83.0-1.5.9-linux-x86.jar:/Users/khacvu/.m2/repository/org/bytedeco/leptonica/1.83.0-1.5.9/leptonica-1.83.0-1.5.9-linux-x86_64.jar:/Users/khacvu/.m2/repository/org/bytedeco/leptonica/1.83.0-1.5.9/leptonica-1.83.0-1.5.9-linux-armhf.jar:/Users/khacvu/.m2/repository/org/bytedeco/leptonica/1.83.0-1.5.9/leptonica-1.83.0-1.5.9-linux-arm64.jar:/Users/khacvu/.m2/repository/org/bytedeco/leptonica/1.83.0-1.5.9/leptonica-1.83.0-1.5.9-linux-ppc64le.jar:/Users/khacvu/.m2/repository/org/bytedeco/leptonica/1.83.0-1.5.9/leptonica-1.83.0-1.5.9-macosx-arm64.jar:/Users/khacvu/.m2/repository/org/bytedeco/leptonica/1.83.0-1.5.9/leptonica-1.83.0-1.5.9-macosx-x86_64.jar:/Users/khacvu/.m2/repository/org/bytedeco/leptonica/1.83.0-1.5.9/leptonica-1.83.0-1.5.9-windows-x86.jar:/Users/khacvu/.m2/repository/org/bytedeco/leptonica/1.83.0-1.5.9/leptonica-1.83.0-1.5.9-windows-x86_64.jar:/Users/khacvu/.m2/repository/org/bytedeco/tesseract-platform/5.3.1-1.5.9/tesseract-platform-5.3.1-1.5.9.jar:/Users/khacvu/.m2/repository/org/bytedeco/tesseract/5.3.1-1.5.9/tesseract-5.3.1-1.5.9-android-arm.jar:/Users/khacvu/.m2/repository/org/bytedeco/tesseract/5.3.1-1.5.9/tesseract-5.3.1-1.5.9-android-arm64.jar:/Users/khacvu/.m2/repository/org/bytedeco/tesseract/5.3.1-1.5.9/tesseract-5.3.1-1.5.9-android-x86.jar:/Users/khacvu/.m2/repository/org/bytedeco/tesseract/5.3.1-1.5.9/tesseract-5.3.1-1.5.9-android-x86_64.jar:/Users/khacvu/.m2/repository/org/bytedeco/tesseract/5.3.1-1.5.9/tesseract-5.3.1-1.5.9-linux-x86.jar:/Users/khacvu/.m2/repository/org/bytedeco/tesseract/5.3.1-1.5.9/tesseract-5.3.1-1.5.9-linux-x86_64.jar:/Users/khacvu/.m2/repository/org/bytedeco/tesseract/5.3.1-1.5.9/tesseract-5.3.1-1.5.9-linux-armhf.jar:/Users/khacvu/.m2/repository/org/bytedeco/tesseract/5.3.1-1.5.9/tesseract-5.3.1-1.5.9-linux-arm64.jar:/Users/khacvu/.m2/repository/org/bytedeco/tesseract/5.3.1-1.5.9/tesseract-5.3.1-1.5.9-linux-ppc64le.jar:/Users/khacvu/.m2/repository/org/bytedeco/tesseract/5.3.1-1.5.9/tesseract-5.3.1-1.5.9-macosx-arm64.jar:/Users/khacvu/.m2/repository/org/bytedeco/tesseract/5.3.1-1.5.9/tesseract-5.3.1-1.5.9-macosx-x86_64.jar:/Users/khacvu/.m2/repository/org/bytedeco/tesseract/5.3.1-1.5.9/tesseract-5.3.1-1.5.9-windows-x86.jar:/Users/khacvu/.m2/repository/org/bytedeco/tesseract/5.3.1-1.5.9/tesseract-5.3.1-1.5.9-windows-x86_64.jar:"/>
    <property name="sun.cpu.endian" value="little"/>
    <property name="user.home" value="/Users/khacvu"/>
    <property name="user.language" value="vi"/>
    <property name="java.specification.vendor" value="Oracle Corporation"/>
    <property name="java.version.date" value="2023-10-17"/>
    <property name="java.home" value="/opt/homebrew/Cellar/openjdk/21.0.1/libexec/openjdk.jdk/Contents/Home"/>
    <property name="file.separator" value="/"/>
    <property name="basedir" value="/Users/khacvu/IdeaProjects/k4_flutter"/>
    <property name="java.vm.compressedOopsMode" value="Zero based"/>
    <property name="line.separator" value="&#10;"/>
    <property name="java.vm.specification.vendor" value="Oracle Corporation"/>
    <property name="java.specification.name" value="Java Platform API Specification"/>
    <property name="FILE_LOG_CHARSET" value="UTF-8"/>
    <property name="java.awt.headless" value="true"/>
    <property name="apple.awt.application.name" value="ForkedBooter"/>
    <property name="surefire.real.class.path" value="/Users/khacvu/IdeaProjects/k4_flutter/target/surefire/surefirebooter-20240301172228143_3.jar"/>
    <property name="sun.management.compiler" value="HotSpot 64-Bit Tiered Compilers"/>
    <property name="ftp.nonProxyHosts" value="local|*.local|169.254/16|*.169.254/16"/>
    <property name="java.runtime.version" value="21.0.1"/>
    <property name="user.name" value="khacvu"/>
    <property name="stdout.encoding" value="UTF-8"/>
    <property name="path.separator" value=":"/>
    <property name="os.version" value="13.4"/>
    <property name="java.runtime.name" value="OpenJDK Runtime Environment"/>
    <property name="file.encoding" value="UTF-8"/>
    <property name="java.vm.name" value="OpenJDK 64-Bit Server VM"/>
    <property name="java.vendor.version" value="Homebrew"/>
    <property name="localRepository" value="/Users/khacvu/.m2/repository"/>
    <property name="java.vendor.url.bug" value="https://github.com/Homebrew/homebrew-core/issues"/>
    <property name="java.io.tmpdir" value="/var/folders/4f/20chfs1969l3l1glv76bzy900000gn/T/"/>
    <property name="com.zaxxer.hikari.pool_number" value="1"/>
    <property name="java.version" value="21.0.1"/>
    <property name="user.dir" value="/Users/khacvu/IdeaProjects/k4_flutter"/>
    <property name="os.arch" value="aarch64"/>
    <property name="java.vm.specification.name" value="Java Virtual Machine Specification"/>
    <property name="PID" value="78804"/>
    <property name="CONSOLE_LOG_CHARSET" value="UTF-8"/>
    <property name="native.encoding" value="UTF-8"/>
    <property name="java.library.path" value="/Users/khacvu/Library/Java/Extensions:/Library/Java/Extensions:/Network/Library/Java/Extensions:/System/Library/Java/Extensions:/usr/lib/java:."/>
    <property name="java.vm.info" value="mixed mode, sharing"/>
    <property name="stderr.encoding" value="UTF-8"/>
    <property name="java.vendor" value="Homebrew"/>
    <property name="java.vm.version" value="21.0.1"/>
    <property name="sun.io.unicode.encoding" value="UnicodeBig"/>
    <property name="socksNonProxyHosts" value="local|*.local|169.254/16|*.169.254/16"/>
    <property name="java.class.version" value="65.0"/>
  </properties>
  <testcase name="contextLoads" classname="com.example.k4_flutter.K4FlutterApplicationTests" time="0.491">
    <system-out><![CDATA[17:22:31.099 [main] INFO org.springframework.test.context.support.AnnotationConfigContextLoaderUtils -- Could not detect default configuration classes for test class [com.example.k4_flutter.K4FlutterApplicationTests]: K4FlutterApplicationTests does not declare any static, non-private, non-final, nested classes annotated with @Configuration.
17:22:31.346 [main] INFO org.springframework.boot.test.context.SpringBootTestContextBootstrapper -- Found @SpringBootConfiguration com.example.k4_flutter.K4FlutterApplication for test class com.example.k4_flutter.K4FlutterApplicationTests
17:22:31.629 [main] INFO org.springframework.boot.devtools.restart.RestartApplicationListener -- Restart disabled due to context in which it is running

  .   ____          _            __ _ _
 /\\ / ___'_ __ _ _(_)_ __  __ _ \ \ \ \
( ( )\___ | '_ | '_| | '_ \/ _` | \ \ \ \
 \\/  ___)| |_)| | | | | || (_| |  ) ) ) )
  '  |____| .__|_| |_|_| |_\__, | / / / /
 =========|_|==============|___/=/_/_/_/
 :: Spring Boot ::                (v3.2.2)

2024-03-01T17:22:32.377+07:00  WARN 78804 --- [           main] ory$DuplicateJsonObjectContextCustomizer : 

Found multiple occurrences of org.json.JSONObject on the class path:

	jar:file:/Users/khacvu/.m2/repository/com/vaadin/external/google/android-json/0.0.20131108.vaadin1/android-json-0.0.20131108.vaadin1.jar!/org/json/JSONObject.class
	jar:file:/Users/khacvu/.m2/repository/org/json/json/20231013/json-20231013.jar!/org/json/JSONObject.class

You may wish to exclude one of them to ensure predictable runtime behavior

2024-03-01T17:22:32.409+07:00  INFO 78804 --- [           main] c.e.k.K4FlutterApplicationTests          : Starting K4FlutterApplicationTests using Java 21.0.1 with PID 78804 (started by khacvu in /Users/khacvu/IdeaProjects/k4_flutter)
2024-03-01T17:22:32.412+07:00  INFO 78804 --- [           main] c.e.k.K4FlutterApplicationTests          : No active profile set, falling back to 1 default profile: "default"
2024-03-01T17:22:33.813+07:00  INFO 78804 --- [           main] .s.d.r.c.RepositoryConfigurationDelegate : Multiple Spring Data modules found, entering strict repository configuration mode
2024-03-01T17:22:33.819+07:00  INFO 78804 --- [           main] .s.d.r.c.RepositoryConfigurationDelegate : Bootstrapping Spring Data Redis repositories in DEFAULT mode.
2024-03-01T17:22:33.869+07:00  INFO 78804 --- [           main] .s.d.r.c.RepositoryConfigurationDelegate : Finished Spring Data repository scanning in 8 ms. Found 0 Redis repository interfaces.
2024-03-01T17:22:34.224+07:00  INFO 78804 --- [           main] .s.d.r.c.RepositoryConfigurationDelegate : Multiple Spring Data modules found, entering strict repository configuration mode
2024-03-01T17:22:34.225+07:00  INFO 78804 --- [           main] .s.d.r.c.RepositoryConfigurationDelegate : Bootstrapping Spring Data JPA repositories in DEFAULT mode.
2024-03-01T17:22:34.586+07:00  INFO 78804 --- [           main] .s.d.r.c.RepositoryConfigurationDelegate : Finished Spring Data repository scanning in 354 ms. Found 13 JPA repository interfaces.
2024-03-01T17:22:34.635+07:00  INFO 78804 --- [           main] .s.d.r.c.RepositoryConfigurationDelegate : Multiple Spring Data modules found, entering strict repository configuration mode
2024-03-01T17:22:34.636+07:00  INFO 78804 --- [           main] .s.d.r.c.RepositoryConfigurationDelegate : Bootstrapping Spring Data Redis repositories in DEFAULT mode.
2024-03-01T17:22:34.653+07:00  INFO 78804 --- [           main] .RepositoryConfigurationExtensionSupport : Spring Data Redis - Could not safely identify store assignment for repository candidate interface com.example.k4_flutter.Disconst.DiscountDao; If you want this repository to be a Redis repository, consider annotating your entities with one of these annotations: org.springframework.data.redis.core.RedisHash (preferred), or consider extending one of the following types with your repository: org.springframework.data.keyvalue.repository.KeyValueRepository
2024-03-01T17:22:34.655+07:00  INFO 78804 --- [           main] .RepositoryConfigurationExtensionSupport : Spring Data Redis - Could not safely identify store assignment for repository candidate interface com.example.k4_flutter.OrderDetails.Order.OrderItemRepo; If you want this repository to be a Redis repository, consider annotating your entities with one of these annotations: org.springframework.data.redis.core.RedisHash (preferred), or consider extending one of the following types with your repository: org.springframework.data.keyvalue.repository.KeyValueRepository
2024-03-01T17:22:34.656+07:00  INFO 78804 --- [           main] .RepositoryConfigurationExtensionSupport : Spring Data Redis - Could not safely identify store assignment for repository candidate interface com.example.k4_flutter.OrderDetails.OrderDetailsRepo; If you want this repository to be a Redis repository, consider annotating your entities with one of these annotations: org.springframework.data.redis.core.RedisHash (preferred), or consider extending one of the following types with your repository: org.springframework.data.keyvalue.repository.KeyValueRepository
2024-03-01T17:22:34.658+07:00  INFO 78804 --- [           main] .RepositoryConfigurationExtensionSupport : Spring Data Redis - Could not safely identify store assignment for repository candidate interface com.example.k4_flutter.OrderRefund.OrderRefundRepo; If you want this repository to be a Redis repository, consider annotating your entities with one of these annotations: org.springframework.data.redis.core.RedisHash (preferred), or consider extending one of the following types with your repository: org.springframework.data.keyvalue.repository.KeyValueRepository
2024-03-01T17:22:34.661+07:00  INFO 78804 --- [           main] .RepositoryConfigurationExtensionSupport : Spring Data Redis - Could not safely identify store assignment for repository candidate interface com.example.k4_flutter.Product.ProductRepo; If you want this repository to be a Redis repository, consider annotating your entities with one of these annotations: org.springframework.data.redis.core.RedisHash (preferred), or consider extending one of the following types with your repository: org.springframework.data.keyvalue.repository.KeyValueRepository
2024-03-01T17:22:34.661+07:00  INFO 78804 --- [           main] .RepositoryConfigurationExtensionSupport : Spring Data Redis - Could not safely identify store assignment for repository candidate interface com.example.k4_flutter.Strore.StoreRepo; If you want this repository to be a Redis repository, consider annotating your entities with one of these annotations: org.springframework.data.redis.core.RedisHash (preferred), or consider extending one of the following types with your repository: org.springframework.data.keyvalue.repository.KeyValueRepository
2024-03-01T17:22:34.662+07:00  INFO 78804 --- [           main] .RepositoryConfigurationExtensionSupport : Spring Data Redis - Could not safely identify store assignment for repository candidate interface com.example.k4_flutter.Totp.TotpRepo; If you want this repository to be a Redis repository, consider annotating your entities with one of these annotations: org.springframework.data.redis.core.RedisHash (preferred), or consider extending one of the following types with your repository: org.springframework.data.keyvalue.repository.KeyValueRepository
2024-03-01T17:22:34.663+07:00  INFO 78804 --- [           main] .RepositoryConfigurationExtensionSupport : Spring Data Redis - Could not safely identify store assignment for repository candidate interface com.example.k4_flutter.User.Token.TokenRepo; If you want this repository to be a Redis repository, consider annotating your entities with one of these annotations: org.springframework.data.redis.core.RedisHash (preferred), or consider extending one of the following types with your repository: org.springframework.data.keyvalue.repository.KeyValueRepository
2024-03-01T17:22:34.664+07:00  INFO 78804 --- [           main] .RepositoryConfigurationExtensionSupport : Spring Data Redis - Could not safely identify store assignment for repository candidate interface com.example.k4_flutter.User.UserRepo; If you want this repository to be a Redis repository, consider annotating your entities with one of these annotations: org.springframework.data.redis.core.RedisHash (preferred), or consider extending one of the following types with your repository: org.springframework.data.keyvalue.repository.KeyValueRepository
2024-03-01T17:22:34.665+07:00  INFO 78804 --- [           main] .RepositoryConfigurationExtensionSupport : Spring Data Redis - Could not safely identify store assignment for repository candidate interface com.example.k4_flutter.Video.VideoRepo; If you want this repository to be a Redis repository, consider annotating your entities with one of these annotations: org.springframework.data.redis.core.RedisHash (preferred), or consider extending one of the following types with your repository: org.springframework.data.keyvalue.repository.KeyValueRepository
2024-03-01T17:22:34.666+07:00  INFO 78804 --- [           main] .RepositoryConfigurationExtensionSupport : Spring Data Redis - Could not safely identify store assignment for repository candidate interface com.example.k4_flutter.Vnpay.VnpayRepo; If you want this repository to be a Redis repository, consider annotating your entities with one of these annotations: org.springframework.data.redis.core.RedisHash (preferred), or consider extending one of the following types with your repository: org.springframework.data.keyvalue.repository.KeyValueRepository
2024-03-01T17:22:34.666+07:00  INFO 78804 --- [           main] .RepositoryConfigurationExtensionSupport : Spring Data Redis - Could not safely identify store assignment for repository candidate interface com.example.k4_flutter.Wallet.Recharge.RechargeRepo; If you want this repository to be a Redis repository, consider annotating your entities with one of these annotations: org.springframework.data.redis.core.RedisHash (preferred), or consider extending one of the following types with your repository: org.springframework.data.keyvalue.repository.KeyValueRepository
2024-03-01T17:22:34.667+07:00  INFO 78804 --- [           main] .RepositoryConfigurationExtensionSupport : Spring Data Redis - Could not safely identify store assignment for repository candidate interface com.example.k4_flutter.Wallet.WalletRepo; If you want this repository to be a Redis repository, consider annotating your entities with one of these annotations: org.springframework.data.redis.core.RedisHash (preferred), or consider extending one of the following types with your repository: org.springframework.data.keyvalue.repository.KeyValueRepository
2024-03-01T17:22:34.667+07:00  INFO 78804 --- [           main] .s.d.r.c.RepositoryConfigurationDelegate : Finished Spring Data repository scanning in 31 ms. Found 0 Redis repository interfaces.
2024-03-01T17:22:36.527+07:00  INFO 78804 --- [           main] o.hibernate.jpa.internal.util.LogHelper  : HHH000204: Processing PersistenceUnitInfo [name: default]
2024-03-01T17:22:36.717+07:00  INFO 78804 --- [           main] org.hibernate.Version                    : HHH000412: Hibernate ORM core version 6.4.1.Final
2024-03-01T17:22:36.789+07:00  INFO 78804 --- [           main] o.h.c.internal.RegionFactoryInitiator    : HHH000026: Second-level cache disabled
2024-03-01T17:22:37.489+07:00  INFO 78804 --- [           main] o.s.o.j.p.SpringPersistenceUnitInfo      : No LoadTimeWeaver setup: ignoring JPA class transformer
2024-03-01T17:22:37.609+07:00  INFO 78804 --- [           main] com.zaxxer.hikari.HikariDataSource       : HikariPool-1 - Starting...
2024-03-01T17:22:38.720+07:00  INFO 78804 --- [           main] com.zaxxer.hikari.pool.HikariPool        : HikariPool-1 - Added connection org.postgresql.jdbc.PgConnection@5a7a6d34
2024-03-01T17:22:38.731+07:00  INFO 78804 --- [           main] com.zaxxer.hikari.HikariDataSource       : HikariPool-1 - Start completed.
2024-03-01T17:22:38.814+07:00  WARN 78804 --- [           main] org.hibernate.orm.deprecation            : HHH90000025: PostgreSQLDialect does not need to be specified explicitly using 'hibernate.dialect' (remove the property setting and it will be selected by default)
2024-03-01T17:22:41.883+07:00  INFO 78804 --- [           main] o.h.e.t.j.p.i.JtaPlatformInitiator       : HHH000489: No JTA platform available (set 'hibernate.transaction.jta.platform' to enable JTA platform integration)
Hibernate: 
    alter table if exists order_details 
       drop constraint if exists FKa68qdobhd8c36gaigh1ieulx8
2024-03-01T17:22:41.952+07:00  WARN 78804 --- [           main] o.h.engine.jdbc.spi.SqlExceptionHelper   : SQL Warning Code: 0, SQLState: 00000
2024-03-01T17:22:41.952+07:00  WARN 78804 --- [           main] o.h.engine.jdbc.spi.SqlExceptionHelper   : relation "order_details" does not exist, skipping
Hibernate: 
    alter table if exists order_details 
       drop constraint if exists FKinivj2k1370kw224lavkm3rqm
2024-03-01T17:22:41.957+07:00  WARN 78804 --- [           main] o.h.engine.jdbc.spi.SqlExceptionHelper   : SQL Warning Code: 0, SQLState: 00000
2024-03-01T17:22:41.957+07:00  WARN 78804 --- [           main] o.h.engine.jdbc.spi.SqlExceptionHelper   : relation "order_details" does not exist, skipping
Hibernate: 
    alter table if exists token 
       drop constraint if exists FKn98ir64pv4oc1gp9cb8nrq3a3
2024-03-01T17:22:41.965+07:00  WARN 78804 --- [           main] o.h.engine.jdbc.spi.SqlExceptionHelper   : SQL Warning Code: 0, SQLState: 00000
2024-03-01T17:22:41.966+07:00  WARN 78804 --- [           main] o.h.engine.jdbc.spi.SqlExceptionHelper   : relation "token" does not exist, skipping
Hibernate: 
    drop table if exists customer cascade
2024-03-01T17:22:41.998+07:00  WARN 78804 --- [           main] o.h.engine.jdbc.spi.SqlExceptionHelper   : SQL Warning Code: 0, SQLState: 00000
2024-03-01T17:22:41.998+07:00  WARN 78804 --- [           main] o.h.engine.jdbc.spi.SqlExceptionHelper   : table "customer" does not exist, skipping
Hibernate: 
    drop table if exists discount cascade
2024-03-01T17:22:42.002+07:00  WARN 78804 --- [           main] o.h.engine.jdbc.spi.SqlExceptionHelper   : SQL Warning Code: 0, SQLState: 00000
2024-03-01T17:22:42.002+07:00  WARN 78804 --- [           main] o.h.engine.jdbc.spi.SqlExceptionHelper   : table "discount" does not exist, skipping
Hibernate: 
    drop table if exists order_details cascade
2024-03-01T17:22:42.007+07:00  WARN 78804 --- [           main] o.h.engine.jdbc.spi.SqlExceptionHelper   : SQL Warning Code: 0, SQLState: 00000
2024-03-01T17:22:42.007+07:00  WARN 78804 --- [           main] o.h.engine.jdbc.spi.SqlExceptionHelper   : table "order_details" does not exist, skipping
Hibernate: 
    drop table if exists order_item cascade
2024-03-01T17:22:42.018+07:00  WARN 78804 --- [           main] o.h.engine.jdbc.spi.SqlExceptionHelper   : SQL Warning Code: 0, SQLState: 00000
2024-03-01T17:22:42.018+07:00  WARN 78804 --- [           main] o.h.engine.jdbc.spi.SqlExceptionHelper   : table "order_item" does not exist, skipping
Hibernate: 
    drop table if exists order_refund cascade
2024-03-01T17:22:42.035+07:00  WARN 78804 --- [           main] o.h.engine.jdbc.spi.SqlExceptionHelper   : SQL Warning Code: 0, SQLState: 00000
2024-03-01T17:22:42.036+07:00  WARN 78804 --- [           main] o.h.engine.jdbc.spi.SqlExceptionHelper   : table "order_refund" does not exist, skipping
Hibernate: 
    drop table if exists product cascade
2024-03-01T17:22:42.039+07:00  WARN 78804 --- [           main] o.h.engine.jdbc.spi.SqlExceptionHelper   : SQL Warning Code: 0, SQLState: 00000
2024-03-01T17:22:42.040+07:00  WARN 78804 --- [           main] o.h.engine.jdbc.spi.SqlExceptionHelper   : table "product" does not exist, skipping
Hibernate: 
    drop table if exists recharge cascade
2024-03-01T17:22:42.045+07:00  WARN 78804 --- [           main] o.h.engine.jdbc.spi.SqlExceptionHelper   : SQL Warning Code: 0, SQLState: 00000
2024-03-01T17:22:42.046+07:00  WARN 78804 --- [           main] o.h.engine.jdbc.spi.SqlExceptionHelper   : table "recharge" does not exist, skipping
Hibernate: 
    drop table if exists store cascade
2024-03-01T17:22:42.050+07:00  WARN 78804 --- [           main] o.h.engine.jdbc.spi.SqlExceptionHelper   : SQL Warning Code: 0, SQLState: 00000
2024-03-01T17:22:42.050+07:00  WARN 78804 --- [           main] o.h.engine.jdbc.spi.SqlExceptionHelper   : table "store" does not exist, skipping
Hibernate: 
    drop table if exists token cascade
2024-03-01T17:22:42.060+07:00  WARN 78804 --- [           main] o.h.engine.jdbc.spi.SqlExceptionHelper   : SQL Warning Code: 0, SQLState: 00000
2024-03-01T17:22:42.061+07:00  WARN 78804 --- [           main] o.h.engine.jdbc.spi.SqlExceptionHelper   : table "token" does not exist, skipping
Hibernate: 
    drop table if exists totp cascade
2024-03-01T17:22:42.063+07:00  WARN 78804 --- [           main] o.h.engine.jdbc.spi.SqlExceptionHelper   : SQL Warning Code: 0, SQLState: 00000
2024-03-01T17:22:42.063+07:00  WARN 78804 --- [           main] o.h.engine.jdbc.spi.SqlExceptionHelper   : table "totp" does not exist, skipping
Hibernate: 
    drop table if exists video cascade
2024-03-01T17:22:42.067+07:00  WARN 78804 --- [           main] o.h.engine.jdbc.spi.SqlExceptionHelper   : SQL Warning Code: 0, SQLState: 00000
2024-03-01T17:22:42.068+07:00  WARN 78804 --- [           main] o.h.engine.jdbc.spi.SqlExceptionHelper   : table "video" does not exist, skipping
Hibernate: 
    drop table if exists vnpayinfo cascade
2024-03-01T17:22:42.072+07:00  WARN 78804 --- [           main] o.h.engine.jdbc.spi.SqlExceptionHelper   : SQL Warning Code: 0, SQLState: 00000
2024-03-01T17:22:42.072+07:00  WARN 78804 --- [           main] o.h.engine.jdbc.spi.SqlExceptionHelper   : table "vnpayinfo" does not exist, skipping
Hibernate: 
    drop table if exists wallet cascade
2024-03-01T17:22:42.075+07:00  WARN 78804 --- [           main] o.h.engine.jdbc.spi.SqlExceptionHelper   : SQL Warning Code: 0, SQLState: 00000
2024-03-01T17:22:42.075+07:00  WARN 78804 --- [           main] o.h.engine.jdbc.spi.SqlExceptionHelper   : table "wallet" does not exist, skipping
Hibernate: 
    drop sequence if exists customer_seq
2024-03-01T17:22:42.079+07:00  WARN 78804 --- [           main] o.h.engine.jdbc.spi.SqlExceptionHelper   : SQL Warning Code: 0, SQLState: 00000
2024-03-01T17:22:42.080+07:00  WARN 78804 --- [           main] o.h.engine.jdbc.spi.SqlExceptionHelper   : sequence "customer_seq" does not exist, skipping
Hibernate: 
    drop sequence if exists discount_seq
2024-03-01T17:22:42.083+07:00  WARN 78804 --- [           main] o.h.engine.jdbc.spi.SqlExceptionHelper   : SQL Warning Code: 0, SQLState: 00000
2024-03-01T17:22:42.084+07:00  WARN 78804 --- [           main] o.h.engine.jdbc.spi.SqlExceptionHelper   : sequence "discount_seq" does not exist, skipping
Hibernate: 
    drop sequence if exists order_item_seq
2024-03-01T17:22:42.088+07:00  WARN 78804 --- [           main] o.h.engine.jdbc.spi.SqlExceptionHelper   : SQL Warning Code: 0, SQLState: 00000
2024-03-01T17:22:42.089+07:00  WARN 78804 --- [           main] o.h.engine.jdbc.spi.SqlExceptionHelper   : sequence "order_item_seq" does not exist, skipping
Hibernate: 
    drop sequence if exists order_refund_seq
2024-03-01T17:22:42.101+07:00  WARN 78804 --- [           main] o.h.engine.jdbc.spi.SqlExceptionHelper   : SQL Warning Code: 0, SQLState: 00000
2024-03-01T17:22:42.102+07:00  WARN 78804 --- [           main] o.h.engine.jdbc.spi.SqlExceptionHelper   : sequence "order_refund_seq" does not exist, skipping
Hibernate: 
    drop sequence if exists product_seq
2024-03-01T17:22:42.106+07:00  WARN 78804 --- [           main] o.h.engine.jdbc.spi.SqlExceptionHelper   : SQL Warning Code: 0, SQLState: 00000
2024-03-01T17:22:42.106+07:00  WARN 78804 --- [           main] o.h.engine.jdbc.spi.SqlExceptionHelper   : sequence "product_seq" does not exist, skipping
Hibernate: 
    drop sequence if exists recharge_seq
2024-03-01T17:22:42.107+07:00  WARN 78804 --- [           main] o.h.engine.jdbc.spi.SqlExceptionHelper   : SQL Warning Code: 0, SQLState: 00000
2024-03-01T17:22:42.108+07:00  WARN 78804 --- [           main] o.h.engine.jdbc.spi.SqlExceptionHelper   : sequence "recharge_seq" does not exist, skipping
Hibernate: 
    drop sequence if exists store_seq
2024-03-01T17:22:42.111+07:00  WARN 78804 --- [           main] o.h.engine.jdbc.spi.SqlExceptionHelper   : SQL Warning Code: 0, SQLState: 00000
2024-03-01T17:22:42.111+07:00  WARN 78804 --- [           main] o.h.engine.jdbc.spi.SqlExceptionHelper   : sequence "store_seq" does not exist, skipping
Hibernate: 
    drop sequence if exists token_seq
2024-03-01T17:22:42.113+07:00  WARN 78804 --- [           main] o.h.engine.jdbc.spi.SqlExceptionHelper   : SQL Warning Code: 0, SQLState: 00000
2024-03-01T17:22:42.113+07:00  WARN 78804 --- [           main] o.h.engine.jdbc.spi.SqlExceptionHelper   : sequence "token_seq" does not exist, skipping
Hibernate: 
    drop sequence if exists totp_seq
2024-03-01T17:22:42.115+07:00  WARN 78804 --- [           main] o.h.engine.jdbc.spi.SqlExceptionHelper   : SQL Warning Code: 0, SQLState: 00000
2024-03-01T17:22:42.115+07:00  WARN 78804 --- [           main] o.h.engine.jdbc.spi.SqlExceptionHelper   : sequence "totp_seq" does not exist, skipping
Hibernate: 
    drop sequence if exists video_seq
2024-03-01T17:22:42.116+07:00  WARN 78804 --- [           main] o.h.engine.jdbc.spi.SqlExceptionHelper   : SQL Warning Code: 0, SQLState: 00000
2024-03-01T17:22:42.116+07:00  WARN 78804 --- [           main] o.h.engine.jdbc.spi.SqlExceptionHelper   : sequence "video_seq" does not exist, skipping
Hibernate: 
    create sequence customer_seq start with 1 increment by 50
Hibernate: 
    create sequence discount_seq start with 1 increment by 50
Hibernate: 
    create sequence order_item_seq start with 1 increment by 50
Hibernate: 
    create sequence order_refund_seq start with 1 increment by 50
Hibernate: 
    create sequence product_seq start with 1 increment by 50
Hibernate: 
    create sequence recharge_seq start with 1 increment by 50
Hibernate: 
    create sequence store_seq start with 1 increment by 50
Hibernate: 
    create sequence token_seq start with 1 increment by 50
Hibernate: 
    create sequence totp_seq start with 1 increment by 50
Hibernate: 
    create sequence video_seq start with 1 increment by 50
Hibernate: 
    create table customer (
        id integer not null,
        address varchar(255),
        email varchar(255) unique,
        full_name varchar(255),
        password varchar(255),
        phone varchar(255) unique,
        private_key varchar(255),
        role varchar(255) check (role in ('USER','ADMIN')),
        primary key (id)
    )
Hibernate: 
    create table discount (
        discount_value float(53) not null,
        end_date date,
        id integer not null,
        start_date date,
        code varchar(255) unique,
        status varchar(255) check (status in ('EXPIRED','USED','ACTIVE')),
        primary key (id)
    )
Hibernate: 
    create table order_details (
        id serial not null,
        order_id integer,
        price float(53) not null,
        product_id integer,
        quantity integer not null,
        ship_money float(53) not null,
        store_id integer not null,
        total_money float(53) not null,
        user_id integer,
        img varchar(255),
        order_no varchar(255),
        order_status varchar(255) check (order_status in ('SUCCESS','FAIL','AUTH','REFUND','UNPAID')),
        product_name varchar(255),
        primary key (id)
    )
Hibernate: 
    create table order_item (
        id integer not null,
        payment float(53) not null,
        ship_money float(53) not null,
        user_id integer not null,
        create_order timestamp(6),
        update_order timestamp(6),
        address varchar(255),
        email varchar(255),
        order_no varchar(255),
        phone varchar(255),
        status varchar(255) check (status in ('SUCCESS','FAIL','AUTH','REFUND','UNPAID')),
        primary key (id)
    )
Hibernate: 
    create table order_refund (
        id integer not null,
        product_id integer,
        quantity integer not null,
        refund_money float(53) not null,
        user_id integer,
        create_up timestamp(6),
        img varchar(255),
        order_no varchar(255),
        product_name varchar(255),
        reason varchar(255),
        primary key (id)
    )
Hibernate: 
    create table product (
        id integer not null,
        price float(53) not null,
        quantity integer not null,
        store_id integer,
        create_at timestamp(6),
        update_at timestamp(6),
        category varchar(255),
        img varchar(255),
        path_img varchar(255),
        product_name varchar(255),
        status varchar(255) check (status in ('IN','OUT')),
        primary key (id)
    )
Hibernate: 
    create table recharge (
        id integer not null,
        recharge_money float(53) not null,
        wallet_id integer not null,
        create_at timestamp(6),
        update_at timestamp(6),
        status varchar(255) check (status in ('FAIL','OK')),
        wallet_no varchar(255),
        primary key (id)
    )
Hibernate: 
    create table store (
        id integer not null,
        store_money float(53) not null,
        image varchar(255),
        path_image varchar(255),
        shop_address varchar(255),
        shop_email varchar(255) unique,
        shop_name varchar(255),
        shop_phone varchar(255),
        status varchar(255) check (status in ('LIVE','DIE')),
        primary key (id)
    )
Hibernate: 
    create table token (
        expired boolean not null,
        id integer not null,
        revoked boolean not null,
        user_id integer,
        token varchar(255) unique,
        token_type varchar(255) check (token_type in ('BEARER')),
        primary key (id)
    )
Hibernate: 
    create table totp (
        exp boolean not null,
        id integer not null,
        number integer not null,
        create_at timestamp(6),
        email varchar(255),
        primary key (id)
    )
Hibernate: 
    create table video (
        id integer not null,
        status smallint check (status between 0 and 1),
        user_id integer not null,
        content varchar(255),
        path_thumbnail varchar(255),
        path_video varchar(255),
        video_name varchar(255),
        primary key (id)
    )
Hibernate: 
    create table vnpayinfo (
        amount bigint not null,
        id bigserial not null,
        bank_code varchar(255),
        order_info varchar(255),
        response_code varchar(255),
        vnp_ip_addrl varchar(255),
        vnp_transaction_no varchar(255),
        vnp_txn_ref varchar(255),
        primary key (id)
    )
Hibernate: 
    create table wallet (
        id serial not null,
        wallet float(53) not null,
        email varchar(255),
        phone_no varchar(255),
        primary key (id)
    )
Hibernate: 
    alter table if exists order_details 
       add constraint FKa68qdobhd8c36gaigh1ieulx8 
       foreign key (order_id) 
       references order_item
Hibernate: 
    alter table if exists order_details 
       add constraint FKinivj2k1370kw224lavkm3rqm 
       foreign key (product_id) 
       references product
Hibernate: 
    alter table if exists token 
       add constraint FKn98ir64pv4oc1gp9cb8nrq3a3 
       foreign key (user_id) 
       references customer
2024-03-01T17:22:42.486+07:00  INFO 78804 --- [           main] j.LocalContainerEntityManagerFactoryBean : Initialized JPA EntityManagerFactory for persistence unit 'default'
2024-03-01T17:22:43.071+07:00  INFO 78804 --- [           main] o.s.d.j.r.query.QueryEnhancerFactory     : Hibernate is in classpath; If applicable, HQL parser will be used.
2024-03-01T17:22:44.509+07:00  WARN 78804 --- [           main] JpaBaseConfiguration$JpaWebConfiguration : spring.jpa.open-in-view is enabled by default. Therefore, database queries may be performed during view rendering. Explicitly configure spring.jpa.open-in-view to disable this warning
2024-03-01T17:22:44.941+07:00  INFO 78804 --- [           main] o.s.s.web.DefaultSecurityFilterChain     : Will secure any request with [org.springframework.security.web.session.DisableEncodeUrlFilter@78ab6103, org.springframework.security.web.context.request.async.WebAsyncManagerIntegrationFilter@5f57fde7, org.springframework.security.web.context.SecurityContextHolderFilter@75dbb21b, org.springframework.security.web.header.HeaderWriterFilter@3d731475, org.springframework.web.filter.CorsFilter@53c1f4ae, org.springframework.security.web.authentication.logout.LogoutFilter@69a0e285, com.example.k4_flutter.Config.JwtAuthenticationFilter@302ab67e, org.springframework.security.web.savedrequest.RequestCacheAwareFilter@9478683, org.springframework.security.web.servletapi.SecurityContextHolderAwareRequestFilter@42930a42, org.springframework.security.web.authentication.AnonymousAuthenticationFilter@2f829755, org.springframework.security.web.session.SessionManagementFilter@21b33459, org.springframework.security.web.access.ExceptionTranslationFilter@4424285, org.springframework.security.web.access.intercept.AuthorizationFilter@721fc0bb]
2024-03-01T17:22:45.275+07:00  INFO 78804 --- [           main] c.e.k.K4FlutterApplicationTests          : Started K4FlutterApplicationTests in 13.677 seconds (process running for 16.685)
]]></system-out>
    <system-err><![CDATA[WARNING: A Java agent has been loaded dynamically (/Users/khacvu/.m2/repository/net/bytebuddy/byte-buddy-agent/1.14.11/byte-buddy-agent-1.14.11.jar)
WARNING: If a serviceability tool is in use, please run with -XX:+EnableDynamicAgentLoading to hide this warning
WARNING: If a serviceability tool is not in use, please run with -Djdk.instrument.traceUsage for more information
WARNING: Dynamic loading of agents will be disallowed by default in a future release
]]></system-err>
  </testcase>
</testsuite>